-------------------------------------------------------------------------------
Test set: com.uh.pat.AVLTree_ESTest
-------------------------------------------------------------------------------
Tests run: 17, Failures: 0, Errors: 3, Skipped: 0, Time elapsed: 1.815 sec <<< FAILURE!
test15(com.uh.pat.AVLTree_ESTest)  Time elapsed: 0.047 sec  <<< ERROR!
java.lang.StackOverflowError
	at com.uh.pat.AVLTree.delete(AVLTree.java:59)
	at com.uh.pat.AVLTree.delete(AVLTree.java:64)
	at com.uh.pat.AVLTree.delete(AVLTree.java:64)
	at com.uh.pat.AVLTree.delete(AVLTree.java:64)
	at com.uh.pat.AVLTree.delete(AVLTree.java:64)
	at com.uh.pat.AVLTree.delete(AVLTree.java:64)
	at com.uh.pat.AVLTree.delete(AVLTree.java:64)
	at com.uh.pat.AVLTree.delete(AVLTree.java:64)
	at com.uh.pat.AVLTree.delete(AVLTree.java:64)
	at com.uh.pat.AVLTree.delete(AVLTree.java:64)
	at com.uh.pat.AVLTree.delete(AVLTree.java:64)
	at com.uh.pat.AVLTree.delete(AVLTree.java:64)
	at com.uh.pat.AVLTree.delete(AVLTree.java:64)
	at com.uh.pat.AVLTree.delete(AVLTree.java:64)
	at com.uh.pat.AVLTree.delete(AVLTree.java:64)
	at com.uh.pat.AVLTree.delete(AVLTree.java:64)
	at com.uh.pat.AVLTree.delete(AVLTree.java:64)
	at com.uh.pat.AVLTree.delete(AVLTree.java:64)
	at com.uh.pat.AVLTree.delete(AVLTree.java:64)
	at com.uh.pat.AVLTree.delete(AVLTree.java:64)
	at com.uh.pat.AVLTree.delete(AVLTree.java:64)
	at com.uh.pat.AVLTree.delete(AVLTree.java:64)
	at com.uh.pat.AVLTree.delete(AVLTree.java:64)
	at com.uh.pat.AVLTree.delete(AVLTree.java:64)
	at com.uh.pat.AVLTree.delete(AVLTree.java:64)
	at com.uh.pat.AVLTree.delete(AVLTree.java:64)
	at com.uh.pat.AVLTree.delete(AVLTree.java:64)
	at com.uh.pat.AVLTree.delete(AVLTree.java:64)
	at com.uh.pat.AVLTree.delete(AVLTree.java:64)
	at com.uh.pat.AVLTree.delete(AVLTree.java:64)
	at com.uh.pat.AVLTree.delete(AVLTree.java:64)
	at com.uh.pat.AVLTree.delete(AVLTree.java:64)
	at com.uh.pat.AVLTree.delete(AVLTree.java:64)
	at com.uh.pat.AVLTree.delete(AVLTree.java:64)
	at com.uh.pat.AVLTree.delete(AVLTree.java:64)
	at com.uh.pat.AVLTree.delete(AVLTree.java:64)
	at com.uh.pat.AVLTree.delete(AVLTree.java:64)
	at com.uh.pat.AVLTree.delete(AVLTree.java:64)
	at com.uh.pat.AVLTree.delete(AVLTree.java:64)
	at com.uh.pat.AVLTree.delete(AVLTree.java:64)
	at com.uh.pat.AVLTree.delete(AVLTree.java:64)
	at com.uh.pat.AVLTree.delete(AVLTree.java:64)
	at com.uh.pat.AVLTree.delete(AVLTree.java:64)
	at com.uh.pat.AVLTree.delete(AVLTree.java:64)
	at com.uh.pat.AVLTree.delete(AVLTree.java:64)
	at com.uh.pat.AVLTree.delete(AVLTree.java:64)
	at com.uh.pat.AVLTree.delete(AVLTree.java:64)
	at com.uh.pat.AVLTree.delete(AVLTree.java:64)
	at com.uh.pat.AVLTree.delete(AVLTree.java:64)
	at com.uh.pat.AVLTree.delete(AVLTree.java:64)
	at com.uh.pat.AVLTree.delete(AVLTree.java:64)
	at com.uh.pat.AVLTree.delete(AVLTree.java:64)
	at com.uh.pat.AVLTree.delete(AVLTree.java:64)
	at com.uh.pat.AVLTree.delete(AVLTree.java:64)
	at com.uh.pat.AVLTree.delete(AVLTree.java:64)
	at com.uh.pat.AVLTree.delete(AVLTree.java:64)
	at com.uh.pat.AVLTree.delete(AVLTree.java:64)
	at com.uh.pat.AVLTree.delete(AVLTree.java:64)
	at com.uh.pat.AVLTree.delete(AVLTree.java:64)
	at com.uh.pat.AVLTree.delete(AVLTree.java:64)
	at com.uh.pat.AVLTree.delete(AVLTree.java:64)
	at com.uh.pat.AVLTree.delete(AVLTree.java:64)
	at com.uh.pat.AVLTree.delete(AVLTree.java:64)
	at com.uh.pat.AVLTree.delete(AVLTree.java:64)
	at com.uh.pat.AVLTree.delete(AVLTree.java:64)
	at com.uh.pat.AVLTree.delete(AVLTree.java:64)
	at com.uh.pat.AVLTree.delete(AVLTree.java:64)
	at com.uh.pat.AVLTree.delete(AVLTree.java:64)
	at com.uh.pat.AVLTree.delete(AVLTree.java:64)
	at com.uh.pat.AVLTree.delete(AVLTree.java:64)
	at com.uh.pat.AVLTree.delete(AVLTree.java:64)
	at com.uh.pat.AVLTree.delete(AVLTree.java:64)
	at com.uh.pat.AVLTree.delete(AVLTree.java:64)
	at com.uh.pat.AVLTree.delete(AVLTree.java:64)
	at com.uh.pat.AVLTree.delete(AVLTree.java:64)
	at com.uh.pat.AVLTree.delete(AVLTree.java:64)
	at com.uh.pat.AVLTree.delete(AVLTree.java:64)
	at com.uh.pat.AVLTree.delete(AVLTree.java:64)
	at com.uh.pat.AVLTree.delete(AVLTree.java:64)
	at com.uh.pat.AVLTree.delete(AVLTree.java:64)
	at com.uh.pat.AVLTree.delete(AVLTree.java:64)
	at com.uh.pat.AVLTree.delete(AVLTree.java:64)
	at com.uh.pat.AVLTree.delete(AVLTree.java:64)
	at com.uh.pat.AVLTree.delete(AVLTree.java:64)
	at com.uh.pat.AVLTree.delete(AVLTree.java:64)
	at com.uh.pat.AVLTree.delete(AVLTree.java:64)
	at com.uh.pat.AVLTree.delete(AVLTree.java:64)
	at com.uh.pat.AVLTree.delete(AVLTree.java:64)
	at com.uh.pat.AVLTree.delete(AVLTree.java:64)
	at com.uh.pat.AVLTree.delete(AVLTree.java:64)
	at com.uh.pat.AVLTree.delete(AVLTree.java:64)
	at com.uh.pat.AVLTree.delete(AVLTree.java:64)
	at com.uh.pat.AVLTree.delete(AVLTree.java:64)
	at com.uh.pat.AVLTree.delete(AVLTree.java:64)
	at com.uh.pat.AVLTree.delete(AVLTree.java:64)
	at com.uh.pat.AVLTree.delete(AVLTree.java:64)
	at com.uh.pat.AVLTree.delete(AVLTree.java:64)
	at com.uh.pat.AVLTree.delete(AVLTree.java:64)
	at com.uh.pat.AVLTree.delete(AVLTree.java:64)
	at com.uh.pat.AVLTree.delete(AVLTree.java:64)
	at com.uh.pat.AVLTree.delete(AVLTree.java:64)
	at com.uh.pat.AVLTree.delete(AVLTree.java:64)
	at com.uh.pat.AVLTree.delete(AVLTree.java:64)
	at com.uh.pat.AVLTree.delete(AVLTree.java:64)
	at com.uh.pat.AVLTree.delete(AVLTree.java:64)
	at com.uh.pat.AVLTree.delete(AVLTree.java:64)
	at com.uh.pat.AVLTree.delete(AVLTree.java:64)
	at com.uh.pat.AVLTree.delete(AVLTree.java:64)
	at com.uh.pat.AVLTree.delete(AVLTree.java:64)
	at com.uh.pat.AVLTree.delete(AVLTree.java:64)
	at com.uh.pat.AVLTree.delete(AVLTree.java:64)
	at com.uh.pat.AVLTree.delete(AVLTree.java:64)
	at com.uh.pat.AVLTree.delete(AVLTree.java:64)
	at com.uh.pat.AVLTree.delete(AVLTree.java:64)
	at com.uh.pat.AVLTree.delete(AVLTree.java:64)
	at com.uh.pat.AVLTree.delete(AVLTree.java:64)
	at com.uh.pat.AVLTree.delete(AVLTree.java:64)
	at com.uh.pat.AVLTree.delete(AVLTree.java:64)
	at com.uh.pat.AVLTree.delete(AVLTree.java:64)
	at com.uh.pat.AVLTree.delete(AVLTree.java:64)
	at com.uh.pat.AVLTree.delete(AVLTree.java:64)
	at com.uh.pat.AVLTree.delete(AVLTree.java:64)
	at com.uh.pat.AVLTree.delete(AVLTree.java:64)
	at com.uh.pat.AVLTree.delete(AVLTree.java:64)
	at com.uh.pat.AVLTree.delete(AVLTree.java:64)
	at com.uh.pat.AVLTree.delete(AVLTree.java:64)
	at com.uh.pat.AVLTree.delete(AVLTree.java:64)
	at com.uh.pat.AVLTree.delete(AVLTree.java:64)
	at com.uh.pat.AVLTree.delete(AVLTree.java:64)
	at com.uh.pat.AVLTree.delete(AVLTree.java:64)
	at com.uh.pat.AVLTree.delete(AVLTree.java:64)
	at com.uh.pat.AVLTree.delete(AVLTree.java:64)
	at com.uh.pat.AVLTree.delete(AVLTree.java:64)
	at com.uh.pat.AVLTree.delete(AVLTree.java:64)
	at com.uh.pat.AVLTree.delete(AVLTree.java:64)
	at com.uh.pat.AVLTree.delete(AVLTree.java:64)
	at com.uh.pat.AVLTree.delete(AVLTree.java:64)
	at com.uh.pat.AVLTree.delete(AVLTree.java:64)
	at com.uh.pat.AVLTree.delete(AVLTree.java:64)
	at com.uh.pat.AVLTree.delete(AVLTree.java:64)
	at com.uh.pat.AVLTree.delete(AVLTree.java:64)
	at com.uh.pat.AVLTree.delete(AVLTree.java:64)
	at com.uh.pat.AVLTree.delete(AVLTree.java:64)
	at com.uh.pat.AVLTree.delete(AVLTree.java:64)
	at com.uh.pat.AVLTree.delete(AVLTree.java:64)
	at com.uh.pat.AVLTree.delete(AVLTree.java:64)
	at com.uh.pat.AVLTree.delete(AVLTree.java:64)
	at com.uh.pat.AVLTree.delete(AVLTree.java:64)
	at com.uh.pat.AVLTree.delete(AVLTree.java:64)
	at com.uh.pat.AVLTree.delete(AVLTree.java:64)
	at com.uh.pat.AVLTree.delete(AVLTree.java:64)
	at com.uh.pat.AVLTree.delete(AVLTree.java:64)
	at com.uh.pat.AVLTree.delete(AVLTree.java:64)
	at com.uh.pat.AVLTree.delete(AVLTree.java:64)
	at com.uh.pat.AVLTree.delete(AVLTree.java:64)
	at com.uh.pat.AVLTree.delete(AVLTree.java:64)
	at com.uh.pat.AVLTree.delete(AVLTree.java:64)
	at com.uh.pat.AVLTree.delete(AVLTree.java:64)
	at com.uh.pat.AVLTree.delete(AVLTree.java:64)
	at com.uh.pat.AVLTree.delete(AVLTree.java:64)
	at com.uh.pat.AVLTree.delete(AVLTree.java:64)
	at com.uh.pat.AVLTree.delete(AVLTree.java:64)
	at com.uh.pat.AVLTree.delete(AVLTree.java:64)
	at com.uh.pat.AVLTree.delete(AVLTree.java:64)
	at com.uh.pat.AVLTree.delete(AVLTree.java:64)
	at com.uh.pat.AVLTree.delete(AVLTree.java:64)
	at com.uh.pat.AVLTree.delete(AVLTree.java:64)
	at com.uh.pat.AVLTree.delete(AVLTree.java:64)
	at com.uh.pat.AVLTree.delete(AVLTree.java:64)
	at com.uh.pat.AVLTree.delete(AVLTree.java:64)
	at com.uh.pat.AVLTree.delete(AVLTree.java:64)
	at com.uh.pat.AVLTree.delete(AVLTree.java:64)
	at com.uh.pat.AVLTree.delete(AVLTree.java:64)
	at com.uh.pat.AVLTree.delete(AVLTree.java:64)
	at com.uh.pat.AVLTree.delete(AVLTree.java:64)
	at com.uh.pat.AVLTree.delete(AVLTree.java:64)
	at com.uh.pat.AVLTree.delete(AVLTree.java:64)
	at com.uh.pat.AVLTree.delete(AVLTree.java:64)
	at com.uh.pat.AVLTree.delete(AVLTree.java:64)
	at com.uh.pat.AVLTree.delete(AVLTree.java:64)
	at com.uh.pat.AVLTree.delete(AVLTree.java:64)
	at com.uh.pat.AVLTree.delete(AVLTree.java:64)
	at com.uh.pat.AVLTree.delete(AVLTree.java:64)
	at com.uh.pat.AVLTree.delete(AVLTree.java:64)
	at com.uh.pat.AVLTree.delete(AVLTree.java:64)
	at com.uh.pat.AVLTree.delete(AVLTree.java:64)
	at com.uh.pat.AVLTree.delete(AVLTree.java:64)
	at com.uh.pat.AVLTree.delete(AVLTree.java:64)
	at com.uh.pat.AVLTree.delete(AVLTree.java:64)
	at com.uh.pat.AVLTree.delete(AVLTree.java:64)
	at com.uh.pat.AVLTree.delete(AVLTree.java:64)
	at com.uh.pat.AVLTree.delete(AVLTree.java:64)
	at com.uh.pat.AVLTree.delete(AVLTree.java:64)
	at com.uh.pat.AVLTree.delete(AVLTree.java:64)
	at com.uh.pat.AVLTree.delete(AVLTree.java:64)
	at com.uh.pat.AVLTree.delete(AVLTree.java:64)
	at com.uh.pat.AVLTree.delete(AVLTree.java:64)
	at com.uh.pat.AVLTree.delete(AVLTree.java:64)
	at com.uh.pat.AVLTree.delete(AVLTree.java:64)
	at com.uh.pat.AVLTree.delete(AVLTree.java:64)
	at com.uh.pat.AVLTree.delete(AVLTree.java:64)
	at com.uh.pat.AVLTree.delete(AVLTree.java:64)
	at com.uh.pat.AVLTree.delete(AVLTree.java:64)
	at com.uh.pat.AVLTree.delete(AVLTree.java:64)
	at com.uh.pat.AVLTree.delete(AVLTree.java:64)
	at com.uh.pat.AVLTree.delete(AVLTree.java:64)
	at com.uh.pat.AVLTree.delete(AVLTree.java:64)
	at com.uh.pat.AVLTree.delete(AVLTree.java:64)
	at com.uh.pat.AVLTree.delete(AVLTree.java:64)
	at com.uh.pat.AVLTree.delete(AVLTree.java:64)
	at com.uh.pat.AVLTree.delete(AVLTree.java:64)
	at com.uh.pat.AVLTree.delete(AVLTree.java:64)
	at com.uh.pat.AVLTree.delete(AVLTree.java:64)
	at com.uh.pat.AVLTree.delete(AVLTree.java:64)
	at com.uh.pat.AVLTree.delete(AVLTree.java:64)
	at com.uh.pat.AVLTree.delete(AVLTree.java:64)
	at com.uh.pat.AVLTree.delete(AVLTree.java:64)
	at com.uh.pat.AVLTree.delete(AVLTree.java:64)
	at com.uh.pat.AVLTree.delete(AVLTree.java:64)
	at com.uh.pat.AVLTree.delete(AVLTree.java:64)
	at com.uh.pat.AVLTree.delete(AVLTree.java:64)
	at com.uh.pat.AVLTree.delete(AVLTree.java:64)
	at com.uh.pat.AVLTree.delete(AVLTree.java:64)
	at com.uh.pat.AVLTree.delete(AVLTree.java:64)
	at com.uh.pat.AVLTree.delete(AVLTree.java:64)
	at com.uh.pat.AVLTree.delete(AVLTree.java:64)
	at com.uh.pat.AVLTree.delete(AVLTree.java:64)
	at com.uh.pat.AVLTree.delete(AVLTree.java:64)
	at com.uh.pat.AVLTree.delete(AVLTree.java:64)
	at com.uh.pat.AVLTree.delete(AVLTree.java:64)
	at com.uh.pat.AVLTree.delete(AVLTree.java:64)
	at com.uh.pat.AVLTree.delete(AVLTree.java:64)
	at com.uh.pat.AVLTree.delete(AVLTree.java:64)
	at com.uh.pat.AVLTree.delete(AVLTree.java:64)
	at com.uh.pat.AVLTree.delete(AVLTree.java:64)
	at com.uh.pat.AVLTree.delete(AVLTree.java:64)
	at com.uh.pat.AVLTree.delete(AVLTree.java:64)
	at com.uh.pat.AVLTree.delete(AVLTree.java:64)
	at com.uh.pat.AVLTree.delete(AVLTree.java:64)
	at com.uh.pat.AVLTree.delete(AVLTree.java:64)
	at com.uh.pat.AVLTree.delete(AVLTree.java:64)
	at com.uh.pat.AVLTree.delete(AVLTree.java:64)
	at com.uh.pat.AVLTree.delete(AVLTree.java:64)
	at com.uh.pat.AVLTree.delete(AVLTree.java:64)
	at com.uh.pat.AVLTree.delete(AVLTree.java:64)
	at com.uh.pat.AVLTree.delete(AVLTree.java:64)
	at com.uh.pat.AVLTree.delete(AVLTree.java:64)
	at com.uh.pat.AVLTree.delete(AVLTree.java:64)
	at com.uh.pat.AVLTree.delete(AVLTree.java:64)
	at com.uh.pat.AVLTree.delete(AVLTree.java:64)
	at com.uh.pat.AVLTree.delete(AVLTree.java:64)
	at com.uh.pat.AVLTree.delete(AVLTree.java:64)
	at com.uh.pat.AVLTree.delete(AVLTree.java:64)
	at com.uh.pat.AVLTree.delete(AVLTree.java:64)
	at com.uh.pat.AVLTree.delete(AVLTree.java:64)
	at com.uh.pat.AVLTree.delete(AVLTree.java:64)
	at com.uh.pat.AVLTree.delete(AVLTree.java:64)
	at com.uh.pat.AVLTree.delete(AVLTree.java:64)
	at com.uh.pat.AVLTree.delete(AVLTree.java:64)
	at com.uh.pat.AVLTree.delete(AVLTree.java:64)
	at com.uh.pat.AVLTree.delete(AVLTree.java:64)
	at com.uh.pat.AVLTree.delete(AVLTree.java:64)
	at com.uh.pat.AVLTree.delete(AVLTree.java:64)
	at com.uh.pat.AVLTree.delete(AVLTree.java:64)
	at com.uh.pat.AVLTree.delete(AVLTree.java:64)
	at com.uh.pat.AVLTree.delete(AVLTree.java:64)
	at com.uh.pat.AVLTree.delete(AVLTree.java:64)
	at com.uh.pat.AVLTree.delete(AVLTree.java:64)
	at com.uh.pat.AVLTree.delete(AVLTree.java:64)
	at com.uh.pat.AVLTree.delete(AVLTree.java:64)
	at com.uh.pat.AVLTree.delete(AVLTree.java:64)
	at com.uh.pat.AVLTree.delete(AVLTree.java:64)
	at com.uh.pat.AVLTree.delete(AVLTree.java:64)
	at com.uh.pat.AVLTree.delete(AVLTree.java:64)
	at com.uh.pat.AVLTree.delete(AVLTree.java:64)
	at com.uh.pat.AVLTree.delete(AVLTree.java:64)
	at com.uh.pat.AVLTree.delete(AVLTree.java:64)
	at com.uh.pat.AVLTree.delete(AVLTree.java:64)
	at com.uh.pat.AVLTree.delete(AVLTree.java:64)
	at com.uh.pat.AVLTree.delete(AVLTree.java:64)
	at com.uh.pat.AVLTree.delete(AVLTree.java:64)
	at com.uh.pat.AVLTree.delete(AVLTree.java:64)
	at com.uh.pat.AVLTree.delete(AVLTree.java:64)
	at com.uh.pat.AVLTree.delete(AVLTree.java:64)
	at com.uh.pat.AVLTree.delete(AVLTree.java:64)
	at com.uh.pat.AVLTree.delete(AVLTree.java:64)
	at com.uh.pat.AVLTree.delete(AVLTree.java:64)
	at com.uh.pat.AVLTree.delete(AVLTree.java:64)
	at com.uh.pat.AVLTree.delete(AVLTree.java:64)
	at com.uh.pat.AVLTree.delete(AVLTree.java:64)
	at com.uh.pat.AVLTree.delete(AVLTree.java:64)
	at com.uh.pat.AVLTree.delete(AVLTree.java:64)
	at com.uh.pat.AVLTree.delete(AVLTree.java:64)
	at com.uh.pat.AVLTree.delete(AVLTree.java:64)
	at com.uh.pat.AVLTree.delete(AVLTree.java:64)
	at com.uh.pat.AVLTree.delete(AVLTree.java:64)
	at com.uh.pat.AVLTree.delete(AVLTree.java:64)
	at com.uh.pat.AVLTree.delete(AVLTree.java:64)
	at com.uh.pat.AVLTree.delete(AVLTree.java:64)
	at com.uh.pat.AVLTree.delete(AVLTree.java:64)
	at com.uh.pat.AVLTree.delete(AVLTree.java:64)
	at com.uh.pat.AVLTree.delete(AVLTree.java:64)
	at com.uh.pat.AVLTree.delete(AVLTree.java:64)
	at com.uh.pat.AVLTree.delete(AVLTree.java:64)
	at com.uh.pat.AVLTree.delete(AVLTree.java:64)
	at com.uh.pat.AVLTree.delete(AVLTree.java:64)
	at com.uh.pat.AVLTree.delete(AVLTree.java:64)
	at com.uh.pat.AVLTree.delete(AVLTree.java:64)
	at com.uh.pat.AVLTree.delete(AVLTree.java:64)
	at com.uh.pat.AVLTree.delete(AVLTree.java:64)
	at com.uh.pat.AVLTree.delete(AVLTree.java:64)
	at com.uh.pat.AVLTree.delete(AVLTree.java:64)
	at com.uh.pat.AVLTree.delete(AVLTree.java:64)
	at com.uh.pat.AVLTree.delete(AVLTree.java:64)
	at com.uh.pat.AVLTree.delete(AVLTree.java:64)
	at com.uh.pat.AVLTree.delete(AVLTree.java:64)
	at com.uh.pat.AVLTree.delete(AVLTree.java:64)
	at com.uh.pat.AVLTree.delete(AVLTree.java:64)
	at com.uh.pat.AVLTree.delete(AVLTree.java:64)
	at com.uh.pat.AVLTree.delete(AVLTree.java:64)
	at com.uh.pat.AVLTree.delete(AVLTree.java:64)
	at com.uh.pat.AVLTree.delete(AVLTree.java:64)
	at com.uh.pat.AVLTree.delete(AVLTree.java:64)
	at com.uh.pat.AVLTree.delete(AVLTree.java:64)
	at com.uh.pat.AVLTree.delete(AVLTree.java:64)
	at com.uh.pat.AVLTree.delete(AVLTree.java:64)
	at com.uh.pat.AVLTree.delete(AVLTree.java:64)
	at com.uh.pat.AVLTree.delete(AVLTree.java:64)
	at com.uh.pat.AVLTree.delete(AVLTree.java:64)
	at com.uh.pat.AVLTree.delete(AVLTree.java:64)
	at com.uh.pat.AVLTree.delete(AVLTree.java:64)
	at com.uh.pat.AVLTree.delete(AVLTree.java:64)
	at com.uh.pat.AVLTree.delete(AVLTree.java:64)
	at com.uh.pat.AVLTree.delete(AVLTree.java:64)
	at com.uh.pat.AVLTree.delete(AVLTree.java:64)
	at com.uh.pat.AVLTree.delete(AVLTree.java:64)
	at com.uh.pat.AVLTree.delete(AVLTree.java:64)
	at com.uh.pat.AVLTree.delete(AVLTree.java:64)
	at com.uh.pat.AVLTree.delete(AVLTree.java:64)
	at com.uh.pat.AVLTree.delete(AVLTree.java:64)
	at com.uh.pat.AVLTree.delete(AVLTree.java:64)
	at com.uh.pat.AVLTree.delete(AVLTree.java:64)
	at com.uh.pat.AVLTree.delete(AVLTree.java:64)
	at com.uh.pat.AVLTree.delete(AVLTree.java:64)
	at com.uh.pat.AVLTree.delete(AVLTree.java:64)
	at com.uh.pat.AVLTree.delete(AVLTree.java:64)
	at com.uh.pat.AVLTree.delete(AVLTree.java:64)
	at com.uh.pat.AVLTree.delete(AVLTree.java:64)
	at com.uh.pat.AVLTree.delete(AVLTree.java:64)
	at com.uh.pat.AVLTree.delete(AVLTree.java:64)
	at com.uh.pat.AVLTree.delete(AVLTree.java:64)
	at com.uh.pat.AVLTree.delete(AVLTree.java:64)
	at com.uh.pat.AVLTree.delete(AVLTree.java:64)
	at com.uh.pat.AVLTree.delete(AVLTree.java:64)
	at com.uh.pat.AVLTree.delete(AVLTree.java:64)
	at com.uh.pat.AVLTree.delete(AVLTree.java:64)
	at com.uh.pat.AVLTree.delete(AVLTree.java:64)
	at com.uh.pat.AVLTree.delete(AVLTree.java:64)
	at com.uh.pat.AVLTree.delete(AVLTree.java:64)
	at com.uh.pat.AVLTree.delete(AVLTree.java:64)
	at com.uh.pat.AVLTree.delete(AVLTree.java:64)
	at com.uh.pat.AVLTree.delete(AVLTree.java:64)
	at com.uh.pat.AVLTree.delete(AVLTree.java:64)
	at com.uh.pat.AVLTree.delete(AVLTree.java:64)
	at com.uh.pat.AVLTree.delete(AVLTree.java:64)
	at com.uh.pat.AVLTree.delete(AVLTree.java:64)
	at com.uh.pat.AVLTree.delete(AVLTree.java:64)
	at com.uh.pat.AVLTree.delete(AVLTree.java:64)
	at com.uh.pat.AVLTree.delete(AVLTree.java:64)
	at com.uh.pat.AVLTree.delete(AVLTree.java:64)
	at com.uh.pat.AVLTree.delete(AVLTree.java:64)
	at com.uh.pat.AVLTree.delete(AVLTree.java:64)
	at com.uh.pat.AVLTree.delete(AVLTree.java:64)
	at com.uh.pat.AVLTree.delete(AVLTree.java:64)
	at com.uh.pat.AVLTree.delete(AVLTree.java:64)
	at com.uh.pat.AVLTree.delete(AVLTree.java:64)
	at com.uh.pat.AVLTree.delete(AVLTree.java:64)
	at com.uh.pat.AVLTree.delete(AVLTree.java:64)
	at com.uh.pat.AVLTree.delete(AVLTree.java:64)
	at com.uh.pat.AVLTree.delete(AVLTree.java:64)
	at com.uh.pat.AVLTree.delete(AVLTree.java:64)
	at com.uh.pat.AVLTree.delete(AVLTree.java:64)
	at com.uh.pat.AVLTree.delete(AVLTree.java:64)
	at com.uh.pat.AVLTree.delete(AVLTree.java:64)
	at com.uh.pat.AVLTree.delete(AVLTree.java:64)
	at com.uh.pat.AVLTree.delete(AVLTree.java:64)
	at com.uh.pat.AVLTree.delete(AVLTree.java:64)
	at com.uh.pat.AVLTree.delete(AVLTree.java:64)
	at com.uh.pat.AVLTree.delete(AVLTree.java:64)
	at com.uh.pat.AVLTree.delete(AVLTree.java:64)
	at com.uh.pat.AVLTree.delete(AVLTree.java:64)
	at com.uh.pat.AVLTree.delete(AVLTree.java:64)
	at com.uh.pat.AVLTree.delete(AVLTree.java:64)
	at com.uh.pat.AVLTree.delete(AVLTree.java:64)
	at com.uh.pat.AVLTree.delete(AVLTree.java:64)
	at com.uh.pat.AVLTree.delete(AVLTree.java:64)
	at com.uh.pat.AVLTree.delete(AVLTree.java:64)
	at com.uh.pat.AVLTree.delete(AVLTree.java:64)
	at com.uh.pat.AVLTree.delete(AVLTree.java:64)
	at com.uh.pat.AVLTree.delete(AVLTree.java:64)
	at com.uh.pat.AVLTree.delete(AVLTree.java:64)
	at com.uh.pat.AVLTree.delete(AVLTree.java:64)
	at com.uh.pat.AVLTree.delete(AVLTree.java:64)
	at com.uh.pat.AVLTree.delete(AVLTree.java:64)
	at com.uh.pat.AVLTree.delete(AVLTree.java:64)
	at com.uh.pat.AVLTree.delete(AVLTree.java:64)
	at com.uh.pat.AVLTree.delete(AVLTree.java:64)
	at com.uh.pat.AVLTree.delete(AVLTree.java:64)
	at com.uh.pat.AVLTree.delete(AVLTree.java:64)
	at com.uh.pat.AVLTree.delete(AVLTree.java:64)
	at com.uh.pat.AVLTree.delete(AVLTree.java:64)
	at com.uh.pat.AVLTree.delete(AVLTree.java:64)
	at com.uh.pat.AVLTree.delete(AVLTree.java:64)
	at com.uh.pat.AVLTree.delete(AVLTree.java:64)
	at com.uh.pat.AVLTree.delete(AVLTree.java:64)
	at com.uh.pat.AVLTree.delete(AVLTree.java:64)
	at com.uh.pat.AVLTree.delete(AVLTree.java:64)
	at com.uh.pat.AVLTree.delete(AVLTree.java:64)
	at com.uh.pat.AVLTree.delete(AVLTree.java:64)
	at com.uh.pat.AVLTree.delete(AVLTree.java:64)
	at com.uh.pat.AVLTree.delete(AVLTree.java:64)
	at com.uh.pat.AVLTree.delete(AVLTree.java:64)
	at com.uh.pat.AVLTree.delete(AVLTree.java:64)
	at com.uh.pat.AVLTree.delete(AVLTree.java:64)
	at com.uh.pat.AVLTree.delete(AVLTree.java:64)
	at com.uh.pat.AVLTree.delete(AVLTree.java:64)
	at com.uh.pat.AVLTree.delete(AVLTree.java:64)
	at com.uh.pat.AVLTree.delete(AVLTree.java:64)
	at com.uh.pat.AVLTree.delete(AVLTree.java:64)
	at com.uh.pat.AVLTree.delete(AVLTree.java:64)
	at com.uh.pat.AVLTree.delete(AVLTree.java:64)
	at com.uh.pat.AVLTree.delete(AVLTree.java:64)
	at com.uh.pat.AVLTree.delete(AVLTree.java:64)
	at com.uh.pat.AVLTree.delete(AVLTree.java:64)
	at com.uh.pat.AVLTree.delete(AVLTree.java:64)
	at com.uh.pat.AVLTree.delete(AVLTree.java:64)
	at com.uh.pat.AVLTree.delete(AVLTree.java:64)
	at com.uh.pat.AVLTree.delete(AVLTree.java:64)
	at com.uh.pat.AVLTree.delete(AVLTree.java:64)
	at com.uh.pat.AVLTree.delete(AVLTree.java:64)
	at com.uh.pat.AVLTree.delete(AVLTree.java:64)
	at com.uh.pat.AVLTree.delete(AVLTree.java:64)
	at com.uh.pat.AVLTree.delete(AVLTree.java:64)
	at com.uh.pat.AVLTree.delete(AVLTree.java:64)
	at com.uh.pat.AVLTree.delete(AVLTree.java:64)
	at com.uh.pat.AVLTree.delete(AVLTree.java:64)
	at com.uh.pat.AVLTree.delete(AVLTree.java:64)
	at com.uh.pat.AVLTree.delete(AVLTree.java:64)
	at com.uh.pat.AVLTree.delete(AVLTree.java:64)
	at com.uh.pat.AVLTree.delete(AVLTree.java:64)
	at com.uh.pat.AVLTree.delete(AVLTree.java:64)
	at com.uh.pat.AVLTree.delete(AVLTree.java:64)
	at com.uh.pat.AVLTree.delete(AVLTree.java:64)
	at com.uh.pat.AVLTree.delete(AVLTree.java:64)
	at com.uh.pat.AVLTree.delete(AVLTree.java:64)
	at com.uh.pat.AVLTree.delete(AVLTree.java:64)
	at com.uh.pat.AVLTree.delete(AVLTree.java:64)
	at com.uh.pat.AVLTree.delete(AVLTree.java:64)
	at com.uh.pat.AVLTree.delete(AVLTree.java:64)
	at com.uh.pat.AVLTree.delete(AVLTree.java:64)
	at com.uh.pat.AVLTree.delete(AVLTree.java:64)
	at com.uh.pat.AVLTree.delete(AVLTree.java:64)
	at com.uh.pat.AVLTree.delete(AVLTree.java:64)
	at com.uh.pat.AVLTree.delete(AVLTree.java:64)
	at com.uh.pat.AVLTree.delete(AVLTree.java:64)
	at com.uh.pat.AVLTree.delete(AVLTree.java:64)
	at com.uh.pat.AVLTree.delete(AVLTree.java:64)
	at com.uh.pat.AVLTree.delete(AVLTree.java:64)
	at com.uh.pat.AVLTree.delete(AVLTree.java:64)
	at com.uh.pat.AVLTree.delete(AVLTree.java:64)
	at com.uh.pat.AVLTree.delete(AVLTree.java:64)
	at com.uh.pat.AVLTree.delete(AVLTree.java:64)
	at com.uh.pat.AVLTree.delete(AVLTree.java:64)
	at com.uh.pat.AVLTree.delete(AVLTree.java:64)
	at com.uh.pat.AVLTree.delete(AVLTree.java:64)
	at com.uh.pat.AVLTree.delete(AVLTree.java:64)
	at com.uh.pat.AVLTree.delete(AVLTree.java:64)
	at com.uh.pat.AVLTree.delete(AVLTree.java:64)
	at com.uh.pat.AVLTree.delete(AVLTree.java:64)
	at com.uh.pat.AVLTree.delete(AVLTree.java:64)
	at com.uh.pat.AVLTree.delete(AVLTree.java:64)
	at com.uh.pat.AVLTree.delete(AVLTree.java:64)
	at com.uh.pat.AVLTree.delete(AVLTree.java:64)
	at com.uh.pat.AVLTree.delete(AVLTree.java:64)
	at com.uh.pat.AVLTree.delete(AVLTree.java:64)
	at com.uh.pat.AVLTree.delete(AVLTree.java:64)
	at com.uh.pat.AVLTree.delete(AVLTree.java:64)
	at com.uh.pat.AVLTree.delete(AVLTree.java:64)
	at com.uh.pat.AVLTree.delete(AVLTree.java:64)
	at com.uh.pat.AVLTree.delete(AVLTree.java:64)
	at com.uh.pat.AVLTree.delete(AVLTree.java:64)
	at com.uh.pat.AVLTree.delete(AVLTree.java:64)
	at com.uh.pat.AVLTree.delete(AVLTree.java:64)
	at com.uh.pat.AVLTree.delete(AVLTree.java:64)
	at com.uh.pat.AVLTree.delete(AVLTree.java:64)
	at com.uh.pat.AVLTree.delete(AVLTree.java:64)
	at com.uh.pat.AVLTree.delete(AVLTree.java:64)
	at com.uh.pat.AVLTree.delete(AVLTree.java:64)
	at com.uh.pat.AVLTree.delete(AVLTree.java:64)
	at com.uh.pat.AVLTree.delete(AVLTree.java:64)
	at com.uh.pat.AVLTree.delete(AVLTree.java:64)
	at com.uh.pat.AVLTree.delete(AVLTree.java:64)
	at com.uh.pat.AVLTree.delete(AVLTree.java:64)
	at com.uh.pat.AVLTree.delete(AVLTree.java:64)
	at com.uh.pat.AVLTree.delete(AVLTree.java:64)
	at com.uh.pat.AVLTree.delete(AVLTree.java:64)
	at com.uh.pat.AVLTree.delete(AVLTree.java:64)
	at com.uh.pat.AVLTree.delete(AVLTree.java:64)
	at com.uh.pat.AVLTree.delete(AVLTree.java:64)
	at com.uh.pat.AVLTree.delete(AVLTree.java:64)
	at com.uh.pat.AVLTree.delete(AVLTree.java:64)
	at com.uh.pat.AVLTree.delete(AVLTree.java:64)
	at com.uh.pat.AVLTree.delete(AVLTree.java:64)
	at com.uh.pat.AVLTree.delete(AVLTree.java:64)
	at com.uh.pat.AVLTree.delete(AVLTree.java:64)
	at com.uh.pat.AVLTree.delete(AVLTree.java:64)
	at com.uh.pat.AVLTree.delete(AVLTree.java:64)
	at com.uh.pat.AVLTree.delete(AVLTree.java:64)
	at com.uh.pat.AVLTree.delete(AVLTree.java:64)
	at com.uh.pat.AVLTree.delete(AVLTree.java:64)
	at com.uh.pat.AVLTree.delete(AVLTree.java:64)
	at com.uh.pat.AVLTree.delete(AVLTree.java:64)
	at com.uh.pat.AVLTree.delete(AVLTree.java:64)
	at com.uh.pat.AVLTree.delete(AVLTree.java:64)
	at com.uh.pat.AVLTree.delete(AVLTree.java:64)
	at com.uh.pat.AVLTree.delete(AVLTree.java:64)
	at com.uh.pat.AVLTree.delete(AVLTree.java:64)
	at com.uh.pat.AVLTree.delete(AVLTree.java:64)
	at com.uh.pat.AVLTree.delete(AVLTree.java:64)
	at com.uh.pat.AVLTree.delete(AVLTree.java:64)
	at com.uh.pat.AVLTree.delete(AVLTree.java:64)
	at com.uh.pat.AVLTree.delete(AVLTree.java:64)
	at com.uh.pat.AVLTree.delete(AVLTree.java:64)
	at com.uh.pat.AVLTree.delete(AVLTree.java:64)
	at com.uh.pat.AVLTree.delete(AVLTree.java:64)
	at com.uh.pat.AVLTree.delete(AVLTree.java:64)
	at com.uh.pat.AVLTree.delete(AVLTree.java:64)
	at com.uh.pat.AVLTree.delete(AVLTree.java:64)
	at com.uh.pat.AVLTree.delete(AVLTree.java:64)
	at com.uh.pat.AVLTree.delete(AVLTree.java:64)
	at com.uh.pat.AVLTree.delete(AVLTree.java:64)
	at com.uh.pat.AVLTree.delete(AVLTree.java:64)
	at com.uh.pat.AVLTree.delete(AVLTree.java:64)
	at com.uh.pat.AVLTree.delete(AVLTree.java:64)
	at com.uh.pat.AVLTree.delete(AVLTree.java:64)
	at com.uh.pat.AVLTree.delete(AVLTree.java:64)
	at com.uh.pat.AVLTree.delete(AVLTree.java:64)
	at com.uh.pat.AVLTree.delete(AVLTree.java:64)
	at com.uh.pat.AVLTree.delete(AVLTree.java:64)
	at com.uh.pat.AVLTree.delete(AVLTree.java:64)
	at com.uh.pat.AVLTree.delete(AVLTree.java:64)
	at com.uh.pat.AVLTree.delete(AVLTree.java:64)
	at com.uh.pat.AVLTree.delete(AVLTree.java:64)
	at com.uh.pat.AVLTree.delete(AVLTree.java:64)
	at com.uh.pat.AVLTree.delete(AVLTree.java:64)
	at com.uh.pat.AVLTree.delete(AVLTree.java:64)
	at com.uh.pat.AVLTree.delete(AVLTree.java:64)
	at com.uh.pat.AVLTree.delete(AVLTree.java:64)
	at com.uh.pat.AVLTree.delete(AVLTree.java:64)
	at com.uh.pat.AVLTree.delete(AVLTree.java:64)
	at com.uh.pat.AVLTree.delete(AVLTree.java:64)
	at com.uh.pat.AVLTree.delete(AVLTree.java:64)
	at com.uh.pat.AVLTree.delete(AVLTree.java:64)
	at com.uh.pat.AVLTree.delete(AVLTree.java:64)
	at com.uh.pat.AVLTree.delete(AVLTree.java:64)
	at com.uh.pat.AVLTree.delete(AVLTree.java:64)
	at com.uh.pat.AVLTree.delete(AVLTree.java:64)
	at com.uh.pat.AVLTree.delete(AVLTree.java:64)
	at com.uh.pat.AVLTree.delete(AVLTree.java:64)
	at com.uh.pat.AVLTree.delete(AVLTree.java:64)
	at com.uh.pat.AVLTree.delete(AVLTree.java:64)
	at com.uh.pat.AVLTree.delete(AVLTree.java:64)
	at com.uh.pat.AVLTree.delete(AVLTree.java:64)
	at com.uh.pat.AVLTree.delete(AVLTree.java:64)
	at com.uh.pat.AVLTree.delete(AVLTree.java:64)
	at com.uh.pat.AVLTree.delete(AVLTree.java:64)
	at com.uh.pat.AVLTree.delete(AVLTree.java:64)
	at com.uh.pat.AVLTree.delete(AVLTree.java:64)
	at com.uh.pat.AVLTree.delete(AVLTree.java:64)
	at com.uh.pat.AVLTree.delete(AVLTree.java:64)
	at com.uh.pat.AVLTree.delete(AVLTree.java:64)
	at com.uh.pat.AVLTree.delete(AVLTree.java:64)
	at com.uh.pat.AVLTree.delete(AVLTree.java:64)
	at com.uh.pat.AVLTree.delete(AVLTree.java:64)
	at com.uh.pat.AVLTree.delete(AVLTree.java:64)
	at com.uh.pat.AVLTree.delete(AVLTree.java:64)
	at com.uh.pat.AVLTree.delete(AVLTree.java:64)
	at com.uh.pat.AVLTree.delete(AVLTree.java:64)
	at com.uh.pat.AVLTree.delete(AVLTree.java:64)
	at com.uh.pat.AVLTree.delete(AVLTree.java:64)
	at com.uh.pat.AVLTree.delete(AVLTree.java:64)
	at com.uh.pat.AVLTree.delete(AVLTree.java:64)
	at com.uh.pat.AVLTree.delete(AVLTree.java:64)
	at com.uh.pat.AVLTree.delete(AVLTree.java:64)
	at com.uh.pat.AVLTree.delete(AVLTree.java:64)
	at com.uh.pat.AVLTree.delete(AVLTree.java:64)
	at com.uh.pat.AVLTree.delete(AVLTree.java:64)
	at com.uh.pat.AVLTree.delete(AVLTree.java:64)
	at com.uh.pat.AVLTree.delete(AVLTree.java:64)
	at com.uh.pat.AVLTree.delete(AVLTree.java:64)
	at com.uh.pat.AVLTree.delete(AVLTree.java:64)
	at com.uh.pat.AVLTree.delete(AVLTree.java:64)
	at com.uh.pat.AVLTree.delete(AVLTree.java:64)
	at com.uh.pat.AVLTree.delete(AVLTree.java:64)
	at com.uh.pat.AVLTree.delete(AVLTree.java:64)
	at com.uh.pat.AVLTree.delete(AVLTree.java:64)
	at com.uh.pat.AVLTree.delete(AVLTree.java:64)
	at com.uh.pat.AVLTree.delete(AVLTree.java:64)
	at com.uh.pat.AVLTree.delete(AVLTree.java:64)
	at com.uh.pat.AVLTree.delete(AVLTree.java:64)
	at com.uh.pat.AVLTree.delete(AVLTree.java:64)
	at com.uh.pat.AVLTree.delete(AVLTree.java:64)
	at com.uh.pat.AVLTree.delete(AVLTree.java:64)
	at com.uh.pat.AVLTree.delete(AVLTree.java:64)
	at com.uh.pat.AVLTree.delete(AVLTree.java:64)
	at com.uh.pat.AVLTree.delete(AVLTree.java:64)
	at com.uh.pat.AVLTree.delete(AVLTree.java:64)
	at com.uh.pat.AVLTree.delete(AVLTree.java:64)
	at com.uh.pat.AVLTree.delete(AVLTree.java:64)
	at com.uh.pat.AVLTree.delete(AVLTree.java:64)
	at com.uh.pat.AVLTree.delete(AVLTree.java:64)
	at com.uh.pat.AVLTree.delete(AVLTree.java:64)
	at com.uh.pat.AVLTree.delete(AVLTree.java:64)
	at com.uh.pat.AVLTree.delete(AVLTree.java:64)
	at com.uh.pat.AVLTree.delete(AVLTree.java:64)
	at com.uh.pat.AVLTree.delete(AVLTree.java:64)
	at com.uh.pat.AVLTree.delete(AVLTree.java:64)
	at com.uh.pat.AVLTree.delete(AVLTree.java:64)
	at com.uh.pat.AVLTree.delete(AVLTree.java:64)
	at com.uh.pat.AVLTree.delete(AVLTree.java:64)
	at com.uh.pat.AVLTree.delete(AVLTree.java:64)
	at com.uh.pat.AVLTree.delete(AVLTree.java:64)
	at com.uh.pat.AVLTree.delete(AVLTree.java:64)
	at com.uh.pat.AVLTree.delete(AVLTree.java:64)
	at com.uh.pat.AVLTree.delete(AVLTree.java:64)
	at com.uh.pat.AVLTree.delete(AVLTree.java:64)
	at com.uh.pat.AVLTree.delete(AVLTree.java:64)
	at com.uh.pat.AVLTree.delete(AVLTree.java:64)
	at com.uh.pat.AVLTree.delete(AVLTree.java:64)
	at com.uh.pat.AVLTree.delete(AVLTree.java:64)
	at com.uh.pat.AVLTree.delete(AVLTree.java:64)
	at com.uh.pat.AVLTree.delete(AVLTree.java:64)
	at com.uh.pat.AVLTree.delete(AVLTree.java:64)
	at com.uh.pat.AVLTree.delete(AVLTree.java:64)
	at com.uh.pat.AVLTree.delete(AVLTree.java:64)
	at com.uh.pat.AVLTree.delete(AVLTree.java:64)
	at com.uh.pat.AVLTree.delete(AVLTree.java:64)
	at com.uh.pat.AVLTree.delete(AVLTree.java:64)
	at com.uh.pat.AVLTree.delete(AVLTree.java:64)
	at com.uh.pat.AVLTree.delete(AVLTree.java:64)
	at com.uh.pat.AVLTree.delete(AVLTree.java:64)
	at com.uh.pat.AVLTree.delete(AVLTree.java:64)
	at com.uh.pat.AVLTree.delete(AVLTree.java:64)
	at com.uh.pat.AVLTree.delete(AVLTree.java:64)
	at com.uh.pat.AVLTree.delete(AVLTree.java:64)
	at com.uh.pat.AVLTree.delete(AVLTree.java:64)
	at com.uh.pat.AVLTree.delete(AVLTree.java:64)
	at com.uh.pat.AVLTree.delete(AVLTree.java:64)
	at com.uh.pat.AVLTree.delete(AVLTree.java:64)
	at com.uh.pat.AVLTree.delete(AVLTree.java:64)
	at com.uh.pat.AVLTree.delete(AVLTree.java:64)
	at com.uh.pat.AVLTree.delete(AVLTree.java:64)
	at com.uh.pat.AVLTree.delete(AVLTree.java:64)
	at com.uh.pat.AVLTree.delete(AVLTree.java:64)
	at com.uh.pat.AVLTree.delete(AVLTree.java:64)
	at com.uh.pat.AVLTree.delete(AVLTree.java:64)
	at com.uh.pat.AVLTree.delete(AVLTree.java:64)
	at com.uh.pat.AVLTree.delete(AVLTree.java:64)
	at com.uh.pat.AVLTree.delete(AVLTree.java:64)
	at com.uh.pat.AVLTree.delete(AVLTree.java:64)
	at com.uh.pat.AVLTree.delete(AVLTree.java:64)
	at com.uh.pat.AVLTree.delete(AVLTree.java:64)
	at com.uh.pat.AVLTree.delete(AVLTree.java:64)
	at com.uh.pat.AVLTree.delete(AVLTree.java:64)
	at com.uh.pat.AVLTree.delete(AVLTree.java:64)
	at com.uh.pat.AVLTree.delete(AVLTree.java:64)
	at com.uh.pat.AVLTree.delete(AVLTree.java:64)
	at com.uh.pat.AVLTree.delete(AVLTree.java:64)
	at com.uh.pat.AVLTree.delete(AVLTree.java:64)
	at com.uh.pat.AVLTree.delete(AVLTree.java:64)
	at com.uh.pat.AVLTree.delete(AVLTree.java:64)
	at com.uh.pat.AVLTree.delete(AVLTree.java:64)
	at com.uh.pat.AVLTree.delete(AVLTree.java:64)
	at com.uh.pat.AVLTree.delete(AVLTree.java:64)
	at com.uh.pat.AVLTree.delete(AVLTree.java:64)
	at com.uh.pat.AVLTree.delete(AVLTree.java:64)
	at com.uh.pat.AVLTree.delete(AVLTree.java:64)
	at com.uh.pat.AVLTree.delete(AVLTree.java:64)
	at com.uh.pat.AVLTree.delete(AVLTree.java:64)
	at com.uh.pat.AVLTree.delete(AVLTree.java:64)
	at com.uh.pat.AVLTree.delete(AVLTree.java:64)
	at com.uh.pat.AVLTree.delete(AVLTree.java:64)
	at com.uh.pat.AVLTree.delete(AVLTree.java:64)
	at com.uh.pat.AVLTree.delete(AVLTree.java:64)
	at com.uh.pat.AVLTree.delete(AVLTree.java:64)
	at com.uh.pat.AVLTree.delete(AVLTree.java:64)
	at com.uh.pat.AVLTree.delete(AVLTree.java:64)
	at com.uh.pat.AVLTree.delete(AVLTree.java:64)
	at com.uh.pat.AVLTree.delete(AVLTree.java:64)
	at com.uh.pat.AVLTree.delete(AVLTree.java:64)
	at com.uh.pat.AVLTree.delete(AVLTree.java:64)
	at com.uh.pat.AVLTree.delete(AVLTree.java:64)
	at com.uh.pat.AVLTree.delete(AVLTree.java:64)
	at com.uh.pat.AVLTree.delete(AVLTree.java:64)
	at com.uh.pat.AVLTree.delete(AVLTree.java:64)
	at com.uh.pat.AVLTree.delete(AVLTree.java:64)
	at com.uh.pat.AVLTree.delete(AVLTree.java:64)
	at com.uh.pat.AVLTree.delete(AVLTree.java:64)
	at com.uh.pat.AVLTree.delete(AVLTree.java:64)
	at com.uh.pat.AVLTree.delete(AVLTree.java:64)
	at com.uh.pat.AVLTree.delete(AVLTree.java:64)
	at com.uh.pat.AVLTree.delete(AVLTree.java:64)
	at com.uh.pat.AVLTree.delete(AVLTree.java:64)
	at com.uh.pat.AVLTree.delete(AVLTree.java:64)
	at com.uh.pat.AVLTree.delete(AVLTree.java:64)
	at com.uh.pat.AVLTree.delete(AVLTree.java:64)
	at com.uh.pat.AVLTree.delete(AVLTree.java:64)
	at com.uh.pat.AVLTree.delete(AVLTree.java:64)
	at com.uh.pat.AVLTree.delete(AVLTree.java:64)
	at com.uh.pat.AVLTree.delete(AVLTree.java:64)
	at com.uh.pat.AVLTree.delete(AVLTree.java:64)
	at com.uh.pat.AVLTree.delete(AVLTree.java:64)
	at com.uh.pat.AVLTree.delete(AVLTree.java:64)
	at com.uh.pat.AVLTree.delete(AVLTree.java:64)
	at com.uh.pat.AVLTree.delete(AVLTree.java:64)
	at com.uh.pat.AVLTree.delete(AVLTree.java:64)
	at com.uh.pat.AVLTree.delete(AVLTree.java:64)
	at com.uh.pat.AVLTree.delete(AVLTree.java:64)
	at com.uh.pat.AVLTree.delete(AVLTree.java:64)
	at com.uh.pat.AVLTree.delete(AVLTree.java:64)
	at com.uh.pat.AVLTree.delete(AVLTree.java:64)
	at com.uh.pat.AVLTree.delete(AVLTree.java:64)
	at com.uh.pat.AVLTree.delete(AVLTree.java:64)
	at com.uh.pat.AVLTree.delete(AVLTree.java:64)
	at com.uh.pat.AVLTree.delete(AVLTree.java:64)
	at com.uh.pat.AVLTree.delete(AVLTree.java:64)
	at com.uh.pat.AVLTree.delete(AVLTree.java:64)
	at com.uh.pat.AVLTree.delete(AVLTree.java:64)
	at com.uh.pat.AVLTree.delete(AVLTree.java:64)
	at com.uh.pat.AVLTree.delete(AVLTree.java:64)
	at com.uh.pat.AVLTree.delete(AVLTree.java:64)
	at com.uh.pat.AVLTree.delete(AVLTree.java:64)
	at com.uh.pat.AVLTree.delete(AVLTree.java:64)
	at com.uh.pat.AVLTree.delete(AVLTree.java:64)
	at com.uh.pat.AVLTree.delete(AVLTree.java:64)
	at com.uh.pat.AVLTree.delete(AVLTree.java:64)
	at com.uh.pat.AVLTree.delete(AVLTree.java:64)
	at com.uh.pat.AVLTree.delete(AVLTree.java:64)
	at com.uh.pat.AVLTree.delete(AVLTree.java:64)
	at com.uh.pat.AVLTree.delete(AVLTree.java:64)
	at com.uh.pat.AVLTree.delete(AVLTree.java:64)
	at com.uh.pat.AVLTree.delete(AVLTree.java:64)
	at com.uh.pat.AVLTree.delete(AVLTree.java:64)
	at com.uh.pat.AVLTree.delete(AVLTree.java:64)
	at com.uh.pat.AVLTree.delete(AVLTree.java:64)
	at com.uh.pat.AVLTree.delete(AVLTree.java:64)
	at com.uh.pat.AVLTree.delete(AVLTree.java:64)
	at com.uh.pat.AVLTree.delete(AVLTree.java:64)
	at com.uh.pat.AVLTree.delete(AVLTree.java:64)
	at com.uh.pat.AVLTree.delete(AVLTree.java:64)
	at com.uh.pat.AVLTree.delete(AVLTree.java:64)
	at com.uh.pat.AVLTree.delete(AVLTree.java:64)
	at com.uh.pat.AVLTree.delete(AVLTree.java:64)
	at com.uh.pat.AVLTree.delete(AVLTree.java:64)
	at com.uh.pat.AVLTree.delete(AVLTree.java:64)
	at com.uh.pat.AVLTree.delete(AVLTree.java:64)
	at com.uh.pat.AVLTree.delete(AVLTree.java:64)
	at com.uh.pat.AVLTree.delete(AVLTree.java:64)
	at com.uh.pat.AVLTree.delete(AVLTree.java:64)
	at com.uh.pat.AVLTree.delete(AVLTree.java:64)
	at com.uh.pat.AVLTree.delete(AVLTree.java:64)
	at com.uh.pat.AVLTree.delete(AVLTree.java:64)
	at com.uh.pat.AVLTree.delete(AVLTree.java:64)
	at com.uh.pat.AVLTree.delete(AVLTree.java:64)
	at com.uh.pat.AVLTree.delete(AVLTree.java:64)
	at com.uh.pat.AVLTree.delete(AVLTree.java:64)
	at com.uh.pat.AVLTree.delete(AVLTree.java:64)
	at com.uh.pat.AVLTree.delete(AVLTree.java:64)
	at com.uh.pat.AVLTree.delete(AVLTree.java:64)
	at com.uh.pat.AVLTree.delete(AVLTree.java:64)
	at com.uh.pat.AVLTree.delete(AVLTree.java:64)
	at com.uh.pat.AVLTree.delete(AVLTree.java:64)
	at com.uh.pat.AVLTree.delete(AVLTree.java:64)
	at com.uh.pat.AVLTree.delete(AVLTree.java:64)
	at com.uh.pat.AVLTree.delete(AVLTree.java:64)
	at com.uh.pat.AVLTree.delete(AVLTree.java:64)
	at com.uh.pat.AVLTree.delete(AVLTree.java:64)
	at com.uh.pat.AVLTree.delete(AVLTree.java:64)
	at com.uh.pat.AVLTree.delete(AVLTree.java:64)
	at com.uh.pat.AVLTree.delete(AVLTree.java:64)
	at com.uh.pat.AVLTree.delete(AVLTree.java:64)
	at com.uh.pat.AVLTree.delete(AVLTree.java:64)
	at com.uh.pat.AVLTree.delete(AVLTree.java:64)
	at com.uh.pat.AVLTree.delete(AVLTree.java:64)
	at com.uh.pat.AVLTree.delete(AVLTree.java:64)
	at com.uh.pat.AVLTree.delete(AVLTree.java:64)
	at com.uh.pat.AVLTree.delete(AVLTree.java:64)
	at com.uh.pat.AVLTree.delete(AVLTree.java:64)
	at com.uh.pat.AVLTree.delete(AVLTree.java:64)
	at com.uh.pat.AVLTree.delete(AVLTree.java:64)
	at com.uh.pat.AVLTree.delete(AVLTree.java:64)
	at com.uh.pat.AVLTree.delete(AVLTree.java:64)
	at com.uh.pat.AVLTree.delete(AVLTree.java:64)
	at com.uh.pat.AVLTree.delete(AVLTree.java:64)
	at com.uh.pat.AVLTree.delete(AVLTree.java:64)
	at com.uh.pat.AVLTree.delete(AVLTree.java:64)
	at com.uh.pat.AVLTree.delete(AVLTree.java:64)
	at com.uh.pat.AVLTree.delete(AVLTree.java:64)
	at com.uh.pat.AVLTree.delete(AVLTree.java:64)
	at com.uh.pat.AVLTree.delete(AVLTree.java:64)
	at com.uh.pat.AVLTree.delete(AVLTree.java:64)
	at com.uh.pat.AVLTree.delete(AVLTree.java:64)
	at com.uh.pat.AVLTree.delete(AVLTree.java:64)
	at com.uh.pat.AVLTree.delete(AVLTree.java:64)
	at com.uh.pat.AVLTree.delete(AVLTree.java:64)
	at com.uh.pat.AVLTree.delete(AVLTree.java:64)
	at com.uh.pat.AVLTree.delete(AVLTree.java:64)
	at com.uh.pat.AVLTree.delete(AVLTree.java:64)
	at com.uh.pat.AVLTree.delete(AVLTree.java:64)
	at com.uh.pat.AVLTree.delete(AVLTree.java:64)
	at com.uh.pat.AVLTree.delete(AVLTree.java:64)
	at com.uh.pat.AVLTree.delete(AVLTree.java:64)
	at com.uh.pat.AVLTree.delete(AVLTree.java:64)
	at com.uh.pat.AVLTree.delete(AVLTree.java:64)
	at com.uh.pat.AVLTree.delete(AVLTree.java:64)
	at com.uh.pat.AVLTree.delete(AVLTree.java:64)
	at com.uh.pat.AVLTree.delete(AVLTree.java:64)
	at com.uh.pat.AVLTree.delete(AVLTree.java:64)
	at com.uh.pat.AVLTree.delete(AVLTree.java:64)
	at com.uh.pat.AVLTree.delete(AVLTree.java:64)
	at com.uh.pat.AVLTree.delete(AVLTree.java:64)
	at com.uh.pat.AVLTree.delete(AVLTree.java:64)
	at com.uh.pat.AVLTree.delete(AVLTree.java:64)
	at com.uh.pat.AVLTree.delete(AVLTree.java:64)
	at com.uh.pat.AVLTree.delete(AVLTree.java:64)
	at com.uh.pat.AVLTree.delete(AVLTree.java:64)
	at com.uh.pat.AVLTree.delete(AVLTree.java:64)
	at com.uh.pat.AVLTree.delete(AVLTree.java:64)
	at com.uh.pat.AVLTree.delete(AVLTree.java:64)
	at com.uh.pat.AVLTree.delete(AVLTree.java:64)
	at com.uh.pat.AVLTree.delete(AVLTree.java:64)
	at com.uh.pat.AVLTree.delete(AVLTree.java:64)
	at com.uh.pat.AVLTree.delete(AVLTree.java:64)
	at com.uh.pat.AVLTree.delete(AVLTree.java:64)
	at com.uh.pat.AVLTree.delete(AVLTree.java:64)
	at com.uh.pat.AVLTree.delete(AVLTree.java:64)
	at com.uh.pat.AVLTree.delete(AVLTree.java:64)
	at com.uh.pat.AVLTree.delete(AVLTree.java:64)
	at com.uh.pat.AVLTree.delete(AVLTree.java:64)
	at com.uh.pat.AVLTree.delete(AVLTree.java:64)
	at com.uh.pat.AVLTree.delete(AVLTree.java:64)
	at com.uh.pat.AVLTree.delete(AVLTree.java:64)
	at com.uh.pat.AVLTree.delete(AVLTree.java:64)
	at com.uh.pat.AVLTree.delete(AVLTree.java:64)
	at com.uh.pat.AVLTree.delete(AVLTree.java:64)
	at com.uh.pat.AVLTree.delete(AVLTree.java:64)
	at com.uh.pat.AVLTree.delete(AVLTree.java:64)
	at com.uh.pat.AVLTree.delete(AVLTree.java:64)
	at com.uh.pat.AVLTree.delete(AVLTree.java:64)
	at com.uh.pat.AVLTree.delete(AVLTree.java:64)
	at com.uh.pat.AVLTree.delete(AVLTree.java:64)
	at com.uh.pat.AVLTree.delete(AVLTree.java:64)
	at com.uh.pat.AVLTree.delete(AVLTree.java:64)
	at com.uh.pat.AVLTree.delete(AVLTree.java:64)
	at com.uh.pat.AVLTree.delete(AVLTree.java:64)
	at com.uh.pat.AVLTree.delete(AVLTree.java:64)
	at com.uh.pat.AVLTree.delete(AVLTree.java:64)
	at com.uh.pat.AVLTree.delete(AVLTree.java:64)
	at com.uh.pat.AVLTree.delete(AVLTree.java:64)
	at com.uh.pat.AVLTree.delete(AVLTree.java:64)
	at com.uh.pat.AVLTree.delete(AVLTree.java:64)
	at com.uh.pat.AVLTree.delete(AVLTree.java:64)
	at com.uh.pat.AVLTree.delete(AVLTree.java:64)
	at com.uh.pat.AVLTree.delete(AVLTree.java:64)
	at com.uh.pat.AVLTree.delete(AVLTree.java:64)
	at com.uh.pat.AVLTree.delete(AVLTree.java:64)
	at com.uh.pat.AVLTree.delete(AVLTree.java:64)
	at com.uh.pat.AVLTree.delete(AVLTree.java:64)
	at com.uh.pat.AVLTree.delete(AVLTree.java:64)
	at com.uh.pat.AVLTree.delete(AVLTree.java:64)
	at com.uh.pat.AVLTree.delete(AVLTree.java:64)
	at com.uh.pat.AVLTree.delete(AVLTree.java:64)
	at com.uh.pat.AVLTree.delete(AVLTree.java:64)
	at com.uh.pat.AVLTree.delete(AVLTree.java:64)
	at com.uh.pat.AVLTree.delete(AVLTree.java:64)
	at com.uh.pat.AVLTree.delete(AVLTree.java:64)
	at com.uh.pat.AVLTree.delete(AVLTree.java:64)
	at com.uh.pat.AVLTree.delete(AVLTree.java:64)
	at com.uh.pat.AVLTree.delete(AVLTree.java:64)
	at com.uh.pat.AVLTree.delete(AVLTree.java:64)
	at com.uh.pat.AVLTree.delete(AVLTree.java:64)
	at com.uh.pat.AVLTree.delete(AVLTree.java:64)
	at com.uh.pat.AVLTree.delete(AVLTree.java:64)
	at com.uh.pat.AVLTree.delete(AVLTree.java:64)
	at com.uh.pat.AVLTree.delete(AVLTree.java:64)
	at com.uh.pat.AVLTree.delete(AVLTree.java:64)
	at com.uh.pat.AVLTree.delete(AVLTree.java:64)
	at com.uh.pat.AVLTree.delete(AVLTree.java:64)
	at com.uh.pat.AVLTree.delete(AVLTree.java:64)
	at com.uh.pat.AVLTree.delete(AVLTree.java:64)
	at com.uh.pat.AVLTree.delete(AVLTree.java:64)
	at com.uh.pat.AVLTree.delete(AVLTree.java:64)
	at com.uh.pat.AVLTree.delete(AVLTree.java:64)
	at com.uh.pat.AVLTree.delete(AVLTree.java:64)
	at com.uh.pat.AVLTree.delete(AVLTree.java:64)
	at com.uh.pat.AVLTree.delete(AVLTree.java:64)
	at com.uh.pat.AVLTree.delete(AVLTree.java:64)
	at com.uh.pat.AVLTree.delete(AVLTree.java:64)
	at com.uh.pat.AVLTree.delete(AVLTree.java:64)
	at com.uh.pat.AVLTree.delete(AVLTree.java:64)
	at com.uh.pat.AVLTree.delete(AVLTree.java:64)
	at com.uh.pat.AVLTree.delete(AVLTree.java:64)
	at com.uh.pat.AVLTree.delete(AVLTree.java:64)
	at com.uh.pat.AVLTree.delete(AVLTree.java:64)
	at com.uh.pat.AVLTree.delete(AVLTree.java:64)
	at com.uh.pat.AVLTree.delete(AVLTree.java:64)
	at com.uh.pat.AVLTree.delete(AVLTree.java:64)
	at com.uh.pat.AVLTree.delete(AVLTree.java:64)
	at com.uh.pat.AVLTree.delete(AVLTree.java:64)
	at com.uh.pat.AVLTree.delete(AVLTree.java:64)
	at com.uh.pat.AVLTree.delete(AVLTree.java:64)
	at com.uh.pat.AVLTree.delete(AVLTree.java:64)
	at com.uh.pat.AVLTree.delete(AVLTree.java:64)
	at com.uh.pat.AVLTree.delete(AVLTree.java:64)
	at com.uh.pat.AVLTree.delete(AVLTree.java:64)
	at com.uh.pat.AVLTree.delete(AVLTree.java:64)
	at com.uh.pat.AVLTree.delete(AVLTree.java:64)
	at com.uh.pat.AVLTree.delete(AVLTree.java:64)
	at com.uh.pat.AVLTree.delete(AVLTree.java:64)
	at com.uh.pat.AVLTree.delete(AVLTree.java:64)
	at com.uh.pat.AVLTree.delete(AVLTree.java:64)
	at com.uh.pat.AVLTree.delete(AVLTree.java:64)
	at com.uh.pat.AVLTree.delete(AVLTree.java:64)
	at com.uh.pat.AVLTree.delete(AVLTree.java:64)
	at com.uh.pat.AVLTree.delete(AVLTree.java:64)
	at com.uh.pat.AVLTree.delete(AVLTree.java:64)
	at com.uh.pat.AVLTree.delete(AVLTree.java:64)
	at com.uh.pat.AVLTree.delete(AVLTree.java:64)
	at com.uh.pat.AVLTree.delete(AVLTree.java:64)
	at com.uh.pat.AVLTree.delete(AVLTree.java:64)
	at com.uh.pat.AVLTree.delete(AVLTree.java:64)
	at com.uh.pat.AVLTree.delete(AVLTree.java:64)
	at com.uh.pat.AVLTree.delete(AVLTree.java:64)
	at com.uh.pat.AVLTree.delete(AVLTree.java:64)
	at com.uh.pat.AVLTree.delete(AVLTree.java:64)
	at com.uh.pat.AVLTree.delete(AVLTree.java:64)
	at com.uh.pat.AVLTree.delete(AVLTree.java:64)
	at com.uh.pat.AVLTree.delete(AVLTree.java:64)
	at com.uh.pat.AVLTree.delete(AVLTree.java:64)
	at com.uh.pat.AVLTree.delete(AVLTree.java:64)
	at com.uh.pat.AVLTree.delete(AVLTree.java:64)
	at com.uh.pat.AVLTree.delete(AVLTree.java:64)
	at com.uh.pat.AVLTree.delete(AVLTree.java:64)
	at com.uh.pat.AVLTree.delete(AVLTree.java:64)
	at com.uh.pat.AVLTree.delete(AVLTree.java:64)
	at com.uh.pat.AVLTree.delete(AVLTree.java:64)
	at com.uh.pat.AVLTree.delete(AVLTree.java:64)
	at com.uh.pat.AVLTree.delete(AVLTree.java:64)
	at com.uh.pat.AVLTree.delete(AVLTree.java:64)
	at com.uh.pat.AVLTree.delete(AVLTree.java:64)
	at com.uh.pat.AVLTree.delete(AVLTree.java:64)
	at com.uh.pat.AVLTree.delete(AVLTree.java:64)
	at com.uh.pat.AVLTree.delete(AVLTree.java:64)
	at com.uh.pat.AVLTree.delete(AVLTree.java:64)
	at com.uh.pat.AVLTree.delete(AVLTree.java:64)
	at com.uh.pat.AVLTree.delete(AVLTree.java:64)
	at com.uh.pat.AVLTree.delete(AVLTree.java:64)
	at com.uh.pat.AVLTree.delete(AVLTree.java:64)
	at com.uh.pat.AVLTree.delete(AVLTree.java:64)
	at com.uh.pat.AVLTree.delete(AVLTree.java:64)
	at com.uh.pat.AVLTree.delete(AVLTree.java:64)
	at com.uh.pat.AVLTree.delete(AVLTree.java:64)
	at com.uh.pat.AVLTree.delete(AVLTree.java:64)
	at com.uh.pat.AVLTree.delete(AVLTree.java:64)
	at com.uh.pat.AVLTree.delete(AVLTree.java:64)
	at com.uh.pat.AVLTree.delete(AVLTree.java:64)
	at com.uh.pat.AVLTree.delete(AVLTree.java:64)
	at com.uh.pat.AVLTree.delete(AVLTree.java:64)
	at com.uh.pat.AVLTree.delete(AVLTree.java:64)
	at com.uh.pat.AVLTree.delete(AVLTree.java:64)
	at com.uh.pat.AVLTree.delete(AVLTree.java:64)
	at com.uh.pat.AVLTree.delete(AVLTree.java:64)
	at com.uh.pat.AVLTree.delete(AVLTree.java:64)
	at com.uh.pat.AVLTree.delete(AVLTree.java:64)
	at com.uh.pat.AVLTree.delete(AVLTree.java:64)
	at com.uh.pat.AVLTree.delete(AVLTree.java:64)
	at com.uh.pat.AVLTree.delete(AVLTree.java:64)
	at com.uh.pat.AVLTree.delete(AVLTree.java:64)
	at com.uh.pat.AVLTree.delete(AVLTree.java:64)
	at com.uh.pat.AVLTree.delete(AVLTree.java:64)
	at com.uh.pat.AVLTree.delete(AVLTree.java:64)
	at com.uh.pat.AVLTree.delete(AVLTree.java:64)
	at com.uh.pat.AVLTree.delete(AVLTree.java:64)
	at com.uh.pat.AVLTree.delete(AVLTree.java:64)
	at com.uh.pat.AVLTree.delete(AVLTree.java:64)
	at com.uh.pat.AVLTree.delete(AVLTree.java:64)
	at com.uh.pat.AVLTree.delete(AVLTree.java:64)
	at com.uh.pat.AVLTree.delete(AVLTree.java:64)
	at com.uh.pat.AVLTree.delete(AVLTree.java:64)
	at com.uh.pat.AVLTree.delete(AVLTree.java:64)
	at com.uh.pat.AVLTree.delete(AVLTree.java:64)
	at com.uh.pat.AVLTree.delete(AVLTree.java:64)
	at com.uh.pat.AVLTree.delete(AVLTree.java:64)
	at com.uh.pat.AVLTree.delete(AVLTree.java:64)
	at com.uh.pat.AVLTree.delete(AVLTree.java:64)
	at com.uh.pat.AVLTree.delete(AVLTree.java:64)
	at com.uh.pat.AVLTree.delete(AVLTree.java:64)
	at com.uh.pat.AVLTree.delete(AVLTree.java:64)
	at com.uh.pat.AVLTree.delete(AVLTree.java:64)
	at com.uh.pat.AVLTree.delete(AVLTree.java:64)
	at com.uh.pat.AVLTree.delete(AVLTree.java:64)
	at com.uh.pat.AVLTree.delete(AVLTree.java:64)
	at com.uh.pat.AVLTree.delete(AVLTree.java:64)
	at com.uh.pat.AVLTree.delete(AVLTree.java:64)
	at com.uh.pat.AVLTree.delete(AVLTree.java:64)
	at com.uh.pat.AVLTree.delete(AVLTree.java:64)
	at com.uh.pat.AVLTree.delete(AVLTree.java:64)
	at com.uh.pat.AVLTree.delete(AVLTree.java:64)
	at com.uh.pat.AVLTree.delete(AVLTree.java:64)
	at com.uh.pat.AVLTree.delete(AVLTree.java:64)
	at com.uh.pat.AVLTree.delete(AVLTree.java:64)
	at com.uh.pat.AVLTree.delete(AVLTree.java:64)
	at com.uh.pat.AVLTree.delete(AVLTree.java:64)
	at com.uh.pat.AVLTree.delete(AVLTree.java:64)

test01(com.uh.pat.AVLTree_ESTest)  Time elapsed: 0.064 sec  <<< ERROR!
java.lang.StackOverflowError
	at com.uh.pat.AVLTree.insert(AVLTree.java:46)
	at com.uh.pat.AVLTree.insert(AVLTree.java:49)
	at com.uh.pat.AVLTree.insert(AVLTree.java:49)
	at com.uh.pat.AVLTree.insert(AVLTree.java:49)
	at com.uh.pat.AVLTree.insert(AVLTree.java:49)
	at com.uh.pat.AVLTree.insert(AVLTree.java:49)
	at com.uh.pat.AVLTree.insert(AVLTree.java:49)
	at com.uh.pat.AVLTree.insert(AVLTree.java:49)
	at com.uh.pat.AVLTree.insert(AVLTree.java:49)
	at com.uh.pat.AVLTree.insert(AVLTree.java:49)
	at com.uh.pat.AVLTree.insert(AVLTree.java:49)
	at com.uh.pat.AVLTree.insert(AVLTree.java:49)
	at com.uh.pat.AVLTree.insert(AVLTree.java:49)
	at com.uh.pat.AVLTree.insert(AVLTree.java:49)
	at com.uh.pat.AVLTree.insert(AVLTree.java:49)
	at com.uh.pat.AVLTree.insert(AVLTree.java:49)
	at com.uh.pat.AVLTree.insert(AVLTree.java:49)
	at com.uh.pat.AVLTree.insert(AVLTree.java:49)
	at com.uh.pat.AVLTree.insert(AVLTree.java:49)
	at com.uh.pat.AVLTree.insert(AVLTree.java:49)
	at com.uh.pat.AVLTree.insert(AVLTree.java:49)
	at com.uh.pat.AVLTree.insert(AVLTree.java:49)
	at com.uh.pat.AVLTree.insert(AVLTree.java:49)
	at com.uh.pat.AVLTree.insert(AVLTree.java:49)
	at com.uh.pat.AVLTree.insert(AVLTree.java:49)
	at com.uh.pat.AVLTree.insert(AVLTree.java:49)
	at com.uh.pat.AVLTree.insert(AVLTree.java:49)
	at com.uh.pat.AVLTree.insert(AVLTree.java:49)
	at com.uh.pat.AVLTree.insert(AVLTree.java:49)
	at com.uh.pat.AVLTree.insert(AVLTree.java:49)
	at com.uh.pat.AVLTree.insert(AVLTree.java:49)
	at com.uh.pat.AVLTree.insert(AVLTree.java:49)
	at com.uh.pat.AVLTree.insert(AVLTree.java:49)
	at com.uh.pat.AVLTree.insert(AVLTree.java:49)
	at com.uh.pat.AVLTree.insert(AVLTree.java:49)
	at com.uh.pat.AVLTree.insert(AVLTree.java:49)
	at com.uh.pat.AVLTree.insert(AVLTree.java:49)
	at com.uh.pat.AVLTree.insert(AVLTree.java:49)
	at com.uh.pat.AVLTree.insert(AVLTree.java:49)
	at com.uh.pat.AVLTree.insert(AVLTree.java:49)
	at com.uh.pat.AVLTree.insert(AVLTree.java:49)
	at com.uh.pat.AVLTree.insert(AVLTree.java:49)
	at com.uh.pat.AVLTree.insert(AVLTree.java:49)
	at com.uh.pat.AVLTree.insert(AVLTree.java:49)
	at com.uh.pat.AVLTree.insert(AVLTree.java:49)
	at com.uh.pat.AVLTree.insert(AVLTree.java:49)
	at com.uh.pat.AVLTree.insert(AVLTree.java:49)
	at com.uh.pat.AVLTree.insert(AVLTree.java:49)
	at com.uh.pat.AVLTree.insert(AVLTree.java:49)
	at com.uh.pat.AVLTree.insert(AVLTree.java:49)
	at com.uh.pat.AVLTree.insert(AVLTree.java:49)
	at com.uh.pat.AVLTree.insert(AVLTree.java:49)
	at com.uh.pat.AVLTree.insert(AVLTree.java:49)
	at com.uh.pat.AVLTree.insert(AVLTree.java:49)
	at com.uh.pat.AVLTree.insert(AVLTree.java:49)
	at com.uh.pat.AVLTree.insert(AVLTree.java:49)
	at com.uh.pat.AVLTree.insert(AVLTree.java:49)
	at com.uh.pat.AVLTree.insert(AVLTree.java:49)
	at com.uh.pat.AVLTree.insert(AVLTree.java:49)
	at com.uh.pat.AVLTree.insert(AVLTree.java:49)
	at com.uh.pat.AVLTree.insert(AVLTree.java:49)
	at com.uh.pat.AVLTree.insert(AVLTree.java:49)
	at com.uh.pat.AVLTree.insert(AVLTree.java:49)
	at com.uh.pat.AVLTree.insert(AVLTree.java:49)
	at com.uh.pat.AVLTree.insert(AVLTree.java:49)
	at com.uh.pat.AVLTree.insert(AVLTree.java:49)
	at com.uh.pat.AVLTree.insert(AVLTree.java:49)
	at com.uh.pat.AVLTree.insert(AVLTree.java:49)
	at com.uh.pat.AVLTree.insert(AVLTree.java:49)
	at com.uh.pat.AVLTree.insert(AVLTree.java:49)
	at com.uh.pat.AVLTree.insert(AVLTree.java:49)
	at com.uh.pat.AVLTree.insert(AVLTree.java:49)
	at com.uh.pat.AVLTree.insert(AVLTree.java:49)
	at com.uh.pat.AVLTree.insert(AVLTree.java:49)
	at com.uh.pat.AVLTree.insert(AVLTree.java:49)
	at com.uh.pat.AVLTree.insert(AVLTree.java:49)
	at com.uh.pat.AVLTree.insert(AVLTree.java:49)
	at com.uh.pat.AVLTree.insert(AVLTree.java:49)
	at com.uh.pat.AVLTree.insert(AVLTree.java:49)
	at com.uh.pat.AVLTree.insert(AVLTree.java:49)
	at com.uh.pat.AVLTree.insert(AVLTree.java:49)
	at com.uh.pat.AVLTree.insert(AVLTree.java:49)
	at com.uh.pat.AVLTree.insert(AVLTree.java:49)
	at com.uh.pat.AVLTree.insert(AVLTree.java:49)
	at com.uh.pat.AVLTree.insert(AVLTree.java:49)
	at com.uh.pat.AVLTree.insert(AVLTree.java:49)
	at com.uh.pat.AVLTree.insert(AVLTree.java:49)
	at com.uh.pat.AVLTree.insert(AVLTree.java:49)
	at com.uh.pat.AVLTree.insert(AVLTree.java:49)
	at com.uh.pat.AVLTree.insert(AVLTree.java:49)
	at com.uh.pat.AVLTree.insert(AVLTree.java:49)
	at com.uh.pat.AVLTree.insert(AVLTree.java:49)
	at com.uh.pat.AVLTree.insert(AVLTree.java:49)
	at com.uh.pat.AVLTree.insert(AVLTree.java:49)
	at com.uh.pat.AVLTree.insert(AVLTree.java:49)
	at com.uh.pat.AVLTree.insert(AVLTree.java:49)
	at com.uh.pat.AVLTree.insert(AVLTree.java:49)
	at com.uh.pat.AVLTree.insert(AVLTree.java:49)
	at com.uh.pat.AVLTree.insert(AVLTree.java:49)
	at com.uh.pat.AVLTree.insert(AVLTree.java:49)
	at com.uh.pat.AVLTree.insert(AVLTree.java:49)
	at com.uh.pat.AVLTree.insert(AVLTree.java:49)
	at com.uh.pat.AVLTree.insert(AVLTree.java:49)
	at com.uh.pat.AVLTree.insert(AVLTree.java:49)
	at com.uh.pat.AVLTree.insert(AVLTree.java:49)
	at com.uh.pat.AVLTree.insert(AVLTree.java:49)
	at com.uh.pat.AVLTree.insert(AVLTree.java:49)
	at com.uh.pat.AVLTree.insert(AVLTree.java:49)
	at com.uh.pat.AVLTree.insert(AVLTree.java:49)
	at com.uh.pat.AVLTree.insert(AVLTree.java:49)
	at com.uh.pat.AVLTree.insert(AVLTree.java:49)
	at com.uh.pat.AVLTree.insert(AVLTree.java:49)
	at com.uh.pat.AVLTree.insert(AVLTree.java:49)
	at com.uh.pat.AVLTree.insert(AVLTree.java:49)
	at com.uh.pat.AVLTree.insert(AVLTree.java:49)
	at com.uh.pat.AVLTree.insert(AVLTree.java:49)
	at com.uh.pat.AVLTree.insert(AVLTree.java:49)
	at com.uh.pat.AVLTree.insert(AVLTree.java:49)
	at com.uh.pat.AVLTree.insert(AVLTree.java:49)
	at com.uh.pat.AVLTree.insert(AVLTree.java:49)
	at com.uh.pat.AVLTree.insert(AVLTree.java:49)
	at com.uh.pat.AVLTree.insert(AVLTree.java:49)
	at com.uh.pat.AVLTree.insert(AVLTree.java:49)
	at com.uh.pat.AVLTree.insert(AVLTree.java:49)
	at com.uh.pat.AVLTree.insert(AVLTree.java:49)
	at com.uh.pat.AVLTree.insert(AVLTree.java:49)
	at com.uh.pat.AVLTree.insert(AVLTree.java:49)
	at com.uh.pat.AVLTree.insert(AVLTree.java:49)
	at com.uh.pat.AVLTree.insert(AVLTree.java:49)
	at com.uh.pat.AVLTree.insert(AVLTree.java:49)
	at com.uh.pat.AVLTree.insert(AVLTree.java:49)
	at com.uh.pat.AVLTree.insert(AVLTree.java:49)
	at com.uh.pat.AVLTree.insert(AVLTree.java:49)
	at com.uh.pat.AVLTree.insert(AVLTree.java:49)
	at com.uh.pat.AVLTree.insert(AVLTree.java:49)
	at com.uh.pat.AVLTree.insert(AVLTree.java:49)
	at com.uh.pat.AVLTree.insert(AVLTree.java:49)
	at com.uh.pat.AVLTree.insert(AVLTree.java:49)
	at com.uh.pat.AVLTree.insert(AVLTree.java:49)
	at com.uh.pat.AVLTree.insert(AVLTree.java:49)
	at com.uh.pat.AVLTree.insert(AVLTree.java:49)
	at com.uh.pat.AVLTree.insert(AVLTree.java:49)
	at com.uh.pat.AVLTree.insert(AVLTree.java:49)
	at com.uh.pat.AVLTree.insert(AVLTree.java:49)
	at com.uh.pat.AVLTree.insert(AVLTree.java:49)
	at com.uh.pat.AVLTree.insert(AVLTree.java:49)
	at com.uh.pat.AVLTree.insert(AVLTree.java:49)
	at com.uh.pat.AVLTree.insert(AVLTree.java:49)
	at com.uh.pat.AVLTree.insert(AVLTree.java:49)
	at com.uh.pat.AVLTree.insert(AVLTree.java:49)
	at com.uh.pat.AVLTree.insert(AVLTree.java:49)
	at com.uh.pat.AVLTree.insert(AVLTree.java:49)
	at com.uh.pat.AVLTree.insert(AVLTree.java:49)
	at com.uh.pat.AVLTree.insert(AVLTree.java:49)
	at com.uh.pat.AVLTree.insert(AVLTree.java:49)
	at com.uh.pat.AVLTree.insert(AVLTree.java:49)
	at com.uh.pat.AVLTree.insert(AVLTree.java:49)
	at com.uh.pat.AVLTree.insert(AVLTree.java:49)
	at com.uh.pat.AVLTree.insert(AVLTree.java:49)
	at com.uh.pat.AVLTree.insert(AVLTree.java:49)
	at com.uh.pat.AVLTree.insert(AVLTree.java:49)
	at com.uh.pat.AVLTree.insert(AVLTree.java:49)
	at com.uh.pat.AVLTree.insert(AVLTree.java:49)
	at com.uh.pat.AVLTree.insert(AVLTree.java:49)
	at com.uh.pat.AVLTree.insert(AVLTree.java:49)
	at com.uh.pat.AVLTree.insert(AVLTree.java:49)
	at com.uh.pat.AVLTree.insert(AVLTree.java:49)
	at com.uh.pat.AVLTree.insert(AVLTree.java:49)
	at com.uh.pat.AVLTree.insert(AVLTree.java:49)
	at com.uh.pat.AVLTree.insert(AVLTree.java:49)
	at com.uh.pat.AVLTree.insert(AVLTree.java:49)
	at com.uh.pat.AVLTree.insert(AVLTree.java:49)
	at com.uh.pat.AVLTree.insert(AVLTree.java:49)
	at com.uh.pat.AVLTree.insert(AVLTree.java:49)
	at com.uh.pat.AVLTree.insert(AVLTree.java:49)
	at com.uh.pat.AVLTree.insert(AVLTree.java:49)
	at com.uh.pat.AVLTree.insert(AVLTree.java:49)
	at com.uh.pat.AVLTree.insert(AVLTree.java:49)
	at com.uh.pat.AVLTree.insert(AVLTree.java:49)
	at com.uh.pat.AVLTree.insert(AVLTree.java:49)
	at com.uh.pat.AVLTree.insert(AVLTree.java:49)
	at com.uh.pat.AVLTree.insert(AVLTree.java:49)
	at com.uh.pat.AVLTree.insert(AVLTree.java:49)
	at com.uh.pat.AVLTree.insert(AVLTree.java:49)
	at com.uh.pat.AVLTree.insert(AVLTree.java:49)
	at com.uh.pat.AVLTree.insert(AVLTree.java:49)
	at com.uh.pat.AVLTree.insert(AVLTree.java:49)
	at com.uh.pat.AVLTree.insert(AVLTree.java:49)
	at com.uh.pat.AVLTree.insert(AVLTree.java:49)
	at com.uh.pat.AVLTree.insert(AVLTree.java:49)
	at com.uh.pat.AVLTree.insert(AVLTree.java:49)
	at com.uh.pat.AVLTree.insert(AVLTree.java:49)
	at com.uh.pat.AVLTree.insert(AVLTree.java:49)
	at com.uh.pat.AVLTree.insert(AVLTree.java:49)
	at com.uh.pat.AVLTree.insert(AVLTree.java:49)
	at com.uh.pat.AVLTree.insert(AVLTree.java:49)
	at com.uh.pat.AVLTree.insert(AVLTree.java:49)
	at com.uh.pat.AVLTree.insert(AVLTree.java:49)
	at com.uh.pat.AVLTree.insert(AVLTree.java:49)
	at com.uh.pat.AVLTree.insert(AVLTree.java:49)
	at com.uh.pat.AVLTree.insert(AVLTree.java:49)
	at com.uh.pat.AVLTree.insert(AVLTree.java:49)
	at com.uh.pat.AVLTree.insert(AVLTree.java:49)
	at com.uh.pat.AVLTree.insert(AVLTree.java:49)
	at com.uh.pat.AVLTree.insert(AVLTree.java:49)
	at com.uh.pat.AVLTree.insert(AVLTree.java:49)
	at com.uh.pat.AVLTree.insert(AVLTree.java:49)
	at com.uh.pat.AVLTree.insert(AVLTree.java:49)
	at com.uh.pat.AVLTree.insert(AVLTree.java:49)
	at com.uh.pat.AVLTree.insert(AVLTree.java:49)
	at com.uh.pat.AVLTree.insert(AVLTree.java:49)
	at com.uh.pat.AVLTree.insert(AVLTree.java:49)
	at com.uh.pat.AVLTree.insert(AVLTree.java:49)
	at com.uh.pat.AVLTree.insert(AVLTree.java:49)
	at com.uh.pat.AVLTree.insert(AVLTree.java:49)
	at com.uh.pat.AVLTree.insert(AVLTree.java:49)
	at com.uh.pat.AVLTree.insert(AVLTree.java:49)
	at com.uh.pat.AVLTree.insert(AVLTree.java:49)
	at com.uh.pat.AVLTree.insert(AVLTree.java:49)
	at com.uh.pat.AVLTree.insert(AVLTree.java:49)
	at com.uh.pat.AVLTree.insert(AVLTree.java:49)
	at com.uh.pat.AVLTree.insert(AVLTree.java:49)
	at com.uh.pat.AVLTree.insert(AVLTree.java:49)
	at com.uh.pat.AVLTree.insert(AVLTree.java:49)
	at com.uh.pat.AVLTree.insert(AVLTree.java:49)
	at com.uh.pat.AVLTree.insert(AVLTree.java:49)
	at com.uh.pat.AVLTree.insert(AVLTree.java:49)
	at com.uh.pat.AVLTree.insert(AVLTree.java:49)
	at com.uh.pat.AVLTree.insert(AVLTree.java:49)
	at com.uh.pat.AVLTree.insert(AVLTree.java:49)
	at com.uh.pat.AVLTree.insert(AVLTree.java:49)
	at com.uh.pat.AVLTree.insert(AVLTree.java:49)
	at com.uh.pat.AVLTree.insert(AVLTree.java:49)
	at com.uh.pat.AVLTree.insert(AVLTree.java:49)
	at com.uh.pat.AVLTree.insert(AVLTree.java:49)
	at com.uh.pat.AVLTree.insert(AVLTree.java:49)
	at com.uh.pat.AVLTree.insert(AVLTree.java:49)
	at com.uh.pat.AVLTree.insert(AVLTree.java:49)
	at com.uh.pat.AVLTree.insert(AVLTree.java:49)
	at com.uh.pat.AVLTree.insert(AVLTree.java:49)
	at com.uh.pat.AVLTree.insert(AVLTree.java:49)
	at com.uh.pat.AVLTree.insert(AVLTree.java:49)
	at com.uh.pat.AVLTree.insert(AVLTree.java:49)
	at com.uh.pat.AVLTree.insert(AVLTree.java:49)
	at com.uh.pat.AVLTree.insert(AVLTree.java:49)
	at com.uh.pat.AVLTree.insert(AVLTree.java:49)
	at com.uh.pat.AVLTree.insert(AVLTree.java:49)
	at com.uh.pat.AVLTree.insert(AVLTree.java:49)
	at com.uh.pat.AVLTree.insert(AVLTree.java:49)
	at com.uh.pat.AVLTree.insert(AVLTree.java:49)
	at com.uh.pat.AVLTree.insert(AVLTree.java:49)
	at com.uh.pat.AVLTree.insert(AVLTree.java:49)
	at com.uh.pat.AVLTree.insert(AVLTree.java:49)
	at com.uh.pat.AVLTree.insert(AVLTree.java:49)
	at com.uh.pat.AVLTree.insert(AVLTree.java:49)
	at com.uh.pat.AVLTree.insert(AVLTree.java:49)
	at com.uh.pat.AVLTree.insert(AVLTree.java:49)
	at com.uh.pat.AVLTree.insert(AVLTree.java:49)
	at com.uh.pat.AVLTree.insert(AVLTree.java:49)
	at com.uh.pat.AVLTree.insert(AVLTree.java:49)
	at com.uh.pat.AVLTree.insert(AVLTree.java:49)
	at com.uh.pat.AVLTree.insert(AVLTree.java:49)
	at com.uh.pat.AVLTree.insert(AVLTree.java:49)
	at com.uh.pat.AVLTree.insert(AVLTree.java:49)
	at com.uh.pat.AVLTree.insert(AVLTree.java:49)
	at com.uh.pat.AVLTree.insert(AVLTree.java:49)
	at com.uh.pat.AVLTree.insert(AVLTree.java:49)
	at com.uh.pat.AVLTree.insert(AVLTree.java:49)
	at com.uh.pat.AVLTree.insert(AVLTree.java:49)
	at com.uh.pat.AVLTree.insert(AVLTree.java:49)
	at com.uh.pat.AVLTree.insert(AVLTree.java:49)
	at com.uh.pat.AVLTree.insert(AVLTree.java:49)
	at com.uh.pat.AVLTree.insert(AVLTree.java:49)
	at com.uh.pat.AVLTree.insert(AVLTree.java:49)
	at com.uh.pat.AVLTree.insert(AVLTree.java:49)
	at com.uh.pat.AVLTree.insert(AVLTree.java:49)
	at com.uh.pat.AVLTree.insert(AVLTree.java:49)
	at com.uh.pat.AVLTree.insert(AVLTree.java:49)
	at com.uh.pat.AVLTree.insert(AVLTree.java:49)
	at com.uh.pat.AVLTree.insert(AVLTree.java:49)
	at com.uh.pat.AVLTree.insert(AVLTree.java:49)
	at com.uh.pat.AVLTree.insert(AVLTree.java:49)
	at com.uh.pat.AVLTree.insert(AVLTree.java:49)
	at com.uh.pat.AVLTree.insert(AVLTree.java:49)
	at com.uh.pat.AVLTree.insert(AVLTree.java:49)
	at com.uh.pat.AVLTree.insert(AVLTree.java:49)
	at com.uh.pat.AVLTree.insert(AVLTree.java:49)
	at com.uh.pat.AVLTree.insert(AVLTree.java:49)
	at com.uh.pat.AVLTree.insert(AVLTree.java:49)
	at com.uh.pat.AVLTree.insert(AVLTree.java:49)
	at com.uh.pat.AVLTree.insert(AVLTree.java:49)
	at com.uh.pat.AVLTree.insert(AVLTree.java:49)
	at com.uh.pat.AVLTree.insert(AVLTree.java:49)
	at com.uh.pat.AVLTree.insert(AVLTree.java:49)
	at com.uh.pat.AVLTree.insert(AVLTree.java:49)
	at com.uh.pat.AVLTree.insert(AVLTree.java:49)
	at com.uh.pat.AVLTree.insert(AVLTree.java:49)
	at com.uh.pat.AVLTree.insert(AVLTree.java:49)
	at com.uh.pat.AVLTree.insert(AVLTree.java:49)
	at com.uh.pat.AVLTree.insert(AVLTree.java:49)
	at com.uh.pat.AVLTree.insert(AVLTree.java:49)
	at com.uh.pat.AVLTree.insert(AVLTree.java:49)
	at com.uh.pat.AVLTree.insert(AVLTree.java:49)
	at com.uh.pat.AVLTree.insert(AVLTree.java:49)
	at com.uh.pat.AVLTree.insert(AVLTree.java:49)
	at com.uh.pat.AVLTree.insert(AVLTree.java:49)
	at com.uh.pat.AVLTree.insert(AVLTree.java:49)
	at com.uh.pat.AVLTree.insert(AVLTree.java:49)
	at com.uh.pat.AVLTree.insert(AVLTree.java:49)
	at com.uh.pat.AVLTree.insert(AVLTree.java:49)
	at com.uh.pat.AVLTree.insert(AVLTree.java:49)
	at com.uh.pat.AVLTree.insert(AVLTree.java:49)
	at com.uh.pat.AVLTree.insert(AVLTree.java:49)
	at com.uh.pat.AVLTree.insert(AVLTree.java:49)
	at com.uh.pat.AVLTree.insert(AVLTree.java:49)
	at com.uh.pat.AVLTree.insert(AVLTree.java:49)
	at com.uh.pat.AVLTree.insert(AVLTree.java:49)
	at com.uh.pat.AVLTree.insert(AVLTree.java:49)
	at com.uh.pat.AVLTree.insert(AVLTree.java:49)
	at com.uh.pat.AVLTree.insert(AVLTree.java:49)
	at com.uh.pat.AVLTree.insert(AVLTree.java:49)
	at com.uh.pat.AVLTree.insert(AVLTree.java:49)
	at com.uh.pat.AVLTree.insert(AVLTree.java:49)
	at com.uh.pat.AVLTree.insert(AVLTree.java:49)
	at com.uh.pat.AVLTree.insert(AVLTree.java:49)
	at com.uh.pat.AVLTree.insert(AVLTree.java:49)
	at com.uh.pat.AVLTree.insert(AVLTree.java:49)
	at com.uh.pat.AVLTree.insert(AVLTree.java:49)
	at com.uh.pat.AVLTree.insert(AVLTree.java:49)
	at com.uh.pat.AVLTree.insert(AVLTree.java:49)
	at com.uh.pat.AVLTree.insert(AVLTree.java:49)
	at com.uh.pat.AVLTree.insert(AVLTree.java:49)
	at com.uh.pat.AVLTree.insert(AVLTree.java:49)
	at com.uh.pat.AVLTree.insert(AVLTree.java:49)
	at com.uh.pat.AVLTree.insert(AVLTree.java:49)
	at com.uh.pat.AVLTree.insert(AVLTree.java:49)
	at com.uh.pat.AVLTree.insert(AVLTree.java:49)
	at com.uh.pat.AVLTree.insert(AVLTree.java:49)
	at com.uh.pat.AVLTree.insert(AVLTree.java:49)
	at com.uh.pat.AVLTree.insert(AVLTree.java:49)
	at com.uh.pat.AVLTree.insert(AVLTree.java:49)
	at com.uh.pat.AVLTree.insert(AVLTree.java:49)
	at com.uh.pat.AVLTree.insert(AVLTree.java:49)
	at com.uh.pat.AVLTree.insert(AVLTree.java:49)
	at com.uh.pat.AVLTree.insert(AVLTree.java:49)
	at com.uh.pat.AVLTree.insert(AVLTree.java:49)
	at com.uh.pat.AVLTree.insert(AVLTree.java:49)
	at com.uh.pat.AVLTree.insert(AVLTree.java:49)
	at com.uh.pat.AVLTree.insert(AVLTree.java:49)
	at com.uh.pat.AVLTree.insert(AVLTree.java:49)
	at com.uh.pat.AVLTree.insert(AVLTree.java:49)
	at com.uh.pat.AVLTree.insert(AVLTree.java:49)
	at com.uh.pat.AVLTree.insert(AVLTree.java:49)
	at com.uh.pat.AVLTree.insert(AVLTree.java:49)
	at com.uh.pat.AVLTree.insert(AVLTree.java:49)
	at com.uh.pat.AVLTree.insert(AVLTree.java:49)
	at com.uh.pat.AVLTree.insert(AVLTree.java:49)
	at com.uh.pat.AVLTree.insert(AVLTree.java:49)
	at com.uh.pat.AVLTree.insert(AVLTree.java:49)
	at com.uh.pat.AVLTree.insert(AVLTree.java:49)
	at com.uh.pat.AVLTree.insert(AVLTree.java:49)
	at com.uh.pat.AVLTree.insert(AVLTree.java:49)
	at com.uh.pat.AVLTree.insert(AVLTree.java:49)
	at com.uh.pat.AVLTree.insert(AVLTree.java:49)
	at com.uh.pat.AVLTree.insert(AVLTree.java:49)
	at com.uh.pat.AVLTree.insert(AVLTree.java:49)
	at com.uh.pat.AVLTree.insert(AVLTree.java:49)
	at com.uh.pat.AVLTree.insert(AVLTree.java:49)
	at com.uh.pat.AVLTree.insert(AVLTree.java:49)
	at com.uh.pat.AVLTree.insert(AVLTree.java:49)
	at com.uh.pat.AVLTree.insert(AVLTree.java:49)
	at com.uh.pat.AVLTree.insert(AVLTree.java:49)
	at com.uh.pat.AVLTree.insert(AVLTree.java:49)
	at com.uh.pat.AVLTree.insert(AVLTree.java:49)
	at com.uh.pat.AVLTree.insert(AVLTree.java:49)
	at com.uh.pat.AVLTree.insert(AVLTree.java:49)
	at com.uh.pat.AVLTree.insert(AVLTree.java:49)
	at com.uh.pat.AVLTree.insert(AVLTree.java:49)
	at com.uh.pat.AVLTree.insert(AVLTree.java:49)
	at com.uh.pat.AVLTree.insert(AVLTree.java:49)
	at com.uh.pat.AVLTree.insert(AVLTree.java:49)
	at com.uh.pat.AVLTree.insert(AVLTree.java:49)
	at com.uh.pat.AVLTree.insert(AVLTree.java:49)
	at com.uh.pat.AVLTree.insert(AVLTree.java:49)
	at com.uh.pat.AVLTree.insert(AVLTree.java:49)
	at com.uh.pat.AVLTree.insert(AVLTree.java:49)
	at com.uh.pat.AVLTree.insert(AVLTree.java:49)
	at com.uh.pat.AVLTree.insert(AVLTree.java:49)
	at com.uh.pat.AVLTree.insert(AVLTree.java:49)
	at com.uh.pat.AVLTree.insert(AVLTree.java:49)
	at com.uh.pat.AVLTree.insert(AVLTree.java:49)
	at com.uh.pat.AVLTree.insert(AVLTree.java:49)
	at com.uh.pat.AVLTree.insert(AVLTree.java:49)
	at com.uh.pat.AVLTree.insert(AVLTree.java:49)
	at com.uh.pat.AVLTree.insert(AVLTree.java:49)
	at com.uh.pat.AVLTree.insert(AVLTree.java:49)
	at com.uh.pat.AVLTree.insert(AVLTree.java:49)
	at com.uh.pat.AVLTree.insert(AVLTree.java:49)
	at com.uh.pat.AVLTree.insert(AVLTree.java:49)
	at com.uh.pat.AVLTree.insert(AVLTree.java:49)
	at com.uh.pat.AVLTree.insert(AVLTree.java:49)
	at com.uh.pat.AVLTree.insert(AVLTree.java:49)
	at com.uh.pat.AVLTree.insert(AVLTree.java:49)
	at com.uh.pat.AVLTree.insert(AVLTree.java:49)
	at com.uh.pat.AVLTree.insert(AVLTree.java:49)
	at com.uh.pat.AVLTree.insert(AVLTree.java:49)
	at com.uh.pat.AVLTree.insert(AVLTree.java:49)
	at com.uh.pat.AVLTree.insert(AVLTree.java:49)
	at com.uh.pat.AVLTree.insert(AVLTree.java:49)
	at com.uh.pat.AVLTree.insert(AVLTree.java:49)
	at com.uh.pat.AVLTree.insert(AVLTree.java:49)
	at com.uh.pat.AVLTree.insert(AVLTree.java:49)
	at com.uh.pat.AVLTree.insert(AVLTree.java:49)
	at com.uh.pat.AVLTree.insert(AVLTree.java:49)
	at com.uh.pat.AVLTree.insert(AVLTree.java:49)
	at com.uh.pat.AVLTree.insert(AVLTree.java:49)
	at com.uh.pat.AVLTree.insert(AVLTree.java:49)
	at com.uh.pat.AVLTree.insert(AVLTree.java:49)
	at com.uh.pat.AVLTree.insert(AVLTree.java:49)
	at com.uh.pat.AVLTree.insert(AVLTree.java:49)
	at com.uh.pat.AVLTree.insert(AVLTree.java:49)
	at com.uh.pat.AVLTree.insert(AVLTree.java:49)
	at com.uh.pat.AVLTree.insert(AVLTree.java:49)
	at com.uh.pat.AVLTree.insert(AVLTree.java:49)
	at com.uh.pat.AVLTree.insert(AVLTree.java:49)
	at com.uh.pat.AVLTree.insert(AVLTree.java:49)
	at com.uh.pat.AVLTree.insert(AVLTree.java:49)
	at com.uh.pat.AVLTree.insert(AVLTree.java:49)
	at com.uh.pat.AVLTree.insert(AVLTree.java:49)
	at com.uh.pat.AVLTree.insert(AVLTree.java:49)
	at com.uh.pat.AVLTree.insert(AVLTree.java:49)
	at com.uh.pat.AVLTree.insert(AVLTree.java:49)
	at com.uh.pat.AVLTree.insert(AVLTree.java:49)
	at com.uh.pat.AVLTree.insert(AVLTree.java:49)
	at com.uh.pat.AVLTree.insert(AVLTree.java:49)
	at com.uh.pat.AVLTree.insert(AVLTree.java:49)
	at com.uh.pat.AVLTree.insert(AVLTree.java:49)
	at com.uh.pat.AVLTree.insert(AVLTree.java:49)
	at com.uh.pat.AVLTree.insert(AVLTree.java:49)
	at com.uh.pat.AVLTree.insert(AVLTree.java:49)
	at com.uh.pat.AVLTree.insert(AVLTree.java:49)
	at com.uh.pat.AVLTree.insert(AVLTree.java:49)
	at com.uh.pat.AVLTree.insert(AVLTree.java:49)
	at com.uh.pat.AVLTree.insert(AVLTree.java:49)
	at com.uh.pat.AVLTree.insert(AVLTree.java:49)
	at com.uh.pat.AVLTree.insert(AVLTree.java:49)
	at com.uh.pat.AVLTree.insert(AVLTree.java:49)
	at com.uh.pat.AVLTree.insert(AVLTree.java:49)
	at com.uh.pat.AVLTree.insert(AVLTree.java:49)
	at com.uh.pat.AVLTree.insert(AVLTree.java:49)
	at com.uh.pat.AVLTree.insert(AVLTree.java:49)
	at com.uh.pat.AVLTree.insert(AVLTree.java:49)
	at com.uh.pat.AVLTree.insert(AVLTree.java:49)
	at com.uh.pat.AVLTree.insert(AVLTree.java:49)
	at com.uh.pat.AVLTree.insert(AVLTree.java:49)
	at com.uh.pat.AVLTree.insert(AVLTree.java:49)
	at com.uh.pat.AVLTree.insert(AVLTree.java:49)
	at com.uh.pat.AVLTree.insert(AVLTree.java:49)
	at com.uh.pat.AVLTree.insert(AVLTree.java:49)
	at com.uh.pat.AVLTree.insert(AVLTree.java:49)
	at com.uh.pat.AVLTree.insert(AVLTree.java:49)
	at com.uh.pat.AVLTree.insert(AVLTree.java:49)
	at com.uh.pat.AVLTree.insert(AVLTree.java:49)
	at com.uh.pat.AVLTree.insert(AVLTree.java:49)
	at com.uh.pat.AVLTree.insert(AVLTree.java:49)
	at com.uh.pat.AVLTree.insert(AVLTree.java:49)
	at com.uh.pat.AVLTree.insert(AVLTree.java:49)
	at com.uh.pat.AVLTree.insert(AVLTree.java:49)
	at com.uh.pat.AVLTree.insert(AVLTree.java:49)
	at com.uh.pat.AVLTree.insert(AVLTree.java:49)
	at com.uh.pat.AVLTree.insert(AVLTree.java:49)
	at com.uh.pat.AVLTree.insert(AVLTree.java:49)
	at com.uh.pat.AVLTree.insert(AVLTree.java:49)
	at com.uh.pat.AVLTree.insert(AVLTree.java:49)
	at com.uh.pat.AVLTree.insert(AVLTree.java:49)
	at com.uh.pat.AVLTree.insert(AVLTree.java:49)
	at com.uh.pat.AVLTree.insert(AVLTree.java:49)
	at com.uh.pat.AVLTree.insert(AVLTree.java:49)
	at com.uh.pat.AVLTree.insert(AVLTree.java:49)
	at com.uh.pat.AVLTree.insert(AVLTree.java:49)
	at com.uh.pat.AVLTree.insert(AVLTree.java:49)
	at com.uh.pat.AVLTree.insert(AVLTree.java:49)
	at com.uh.pat.AVLTree.insert(AVLTree.java:49)
	at com.uh.pat.AVLTree.insert(AVLTree.java:49)
	at com.uh.pat.AVLTree.insert(AVLTree.java:49)
	at com.uh.pat.AVLTree.insert(AVLTree.java:49)
	at com.uh.pat.AVLTree.insert(AVLTree.java:49)
	at com.uh.pat.AVLTree.insert(AVLTree.java:49)
	at com.uh.pat.AVLTree.insert(AVLTree.java:49)
	at com.uh.pat.AVLTree.insert(AVLTree.java:49)
	at com.uh.pat.AVLTree.insert(AVLTree.java:49)
	at com.uh.pat.AVLTree.insert(AVLTree.java:49)
	at com.uh.pat.AVLTree.insert(AVLTree.java:49)
	at com.uh.pat.AVLTree.insert(AVLTree.java:49)
	at com.uh.pat.AVLTree.insert(AVLTree.java:49)
	at com.uh.pat.AVLTree.insert(AVLTree.java:49)
	at com.uh.pat.AVLTree.insert(AVLTree.java:49)
	at com.uh.pat.AVLTree.insert(AVLTree.java:49)
	at com.uh.pat.AVLTree.insert(AVLTree.java:49)
	at com.uh.pat.AVLTree.insert(AVLTree.java:49)
	at com.uh.pat.AVLTree.insert(AVLTree.java:49)
	at com.uh.pat.AVLTree.insert(AVLTree.java:49)
	at com.uh.pat.AVLTree.insert(AVLTree.java:49)
	at com.uh.pat.AVLTree.insert(AVLTree.java:49)
	at com.uh.pat.AVLTree.insert(AVLTree.java:49)
	at com.uh.pat.AVLTree.insert(AVLTree.java:49)
	at com.uh.pat.AVLTree.insert(AVLTree.java:49)
	at com.uh.pat.AVLTree.insert(AVLTree.java:49)
	at com.uh.pat.AVLTree.insert(AVLTree.java:49)
	at com.uh.pat.AVLTree.insert(AVLTree.java:49)
	at com.uh.pat.AVLTree.insert(AVLTree.java:49)
	at com.uh.pat.AVLTree.insert(AVLTree.java:49)
	at com.uh.pat.AVLTree.insert(AVLTree.java:49)
	at com.uh.pat.AVLTree.insert(AVLTree.java:49)
	at com.uh.pat.AVLTree.insert(AVLTree.java:49)
	at com.uh.pat.AVLTree.insert(AVLTree.java:49)
	at com.uh.pat.AVLTree.insert(AVLTree.java:49)
	at com.uh.pat.AVLTree.insert(AVLTree.java:49)
	at com.uh.pat.AVLTree.insert(AVLTree.java:49)
	at com.uh.pat.AVLTree.insert(AVLTree.java:49)
	at com.uh.pat.AVLTree.insert(AVLTree.java:49)
	at com.uh.pat.AVLTree.insert(AVLTree.java:49)
	at com.uh.pat.AVLTree.insert(AVLTree.java:49)
	at com.uh.pat.AVLTree.insert(AVLTree.java:49)
	at com.uh.pat.AVLTree.insert(AVLTree.java:49)
	at com.uh.pat.AVLTree.insert(AVLTree.java:49)
	at com.uh.pat.AVLTree.insert(AVLTree.java:49)
	at com.uh.pat.AVLTree.insert(AVLTree.java:49)
	at com.uh.pat.AVLTree.insert(AVLTree.java:49)
	at com.uh.pat.AVLTree.insert(AVLTree.java:49)
	at com.uh.pat.AVLTree.insert(AVLTree.java:49)
	at com.uh.pat.AVLTree.insert(AVLTree.java:49)
	at com.uh.pat.AVLTree.insert(AVLTree.java:49)
	at com.uh.pat.AVLTree.insert(AVLTree.java:49)
	at com.uh.pat.AVLTree.insert(AVLTree.java:49)
	at com.uh.pat.AVLTree.insert(AVLTree.java:49)
	at com.uh.pat.AVLTree.insert(AVLTree.java:49)
	at com.uh.pat.AVLTree.insert(AVLTree.java:49)
	at com.uh.pat.AVLTree.insert(AVLTree.java:49)
	at com.uh.pat.AVLTree.insert(AVLTree.java:49)
	at com.uh.pat.AVLTree.insert(AVLTree.java:49)
	at com.uh.pat.AVLTree.insert(AVLTree.java:49)
	at com.uh.pat.AVLTree.insert(AVLTree.java:49)
	at com.uh.pat.AVLTree.insert(AVLTree.java:49)
	at com.uh.pat.AVLTree.insert(AVLTree.java:49)
	at com.uh.pat.AVLTree.insert(AVLTree.java:49)
	at com.uh.pat.AVLTree.insert(AVLTree.java:49)
	at com.uh.pat.AVLTree.insert(AVLTree.java:49)
	at com.uh.pat.AVLTree.insert(AVLTree.java:49)
	at com.uh.pat.AVLTree.insert(AVLTree.java:49)
	at com.uh.pat.AVLTree.insert(AVLTree.java:49)
	at com.uh.pat.AVLTree.insert(AVLTree.java:49)
	at com.uh.pat.AVLTree.insert(AVLTree.java:49)
	at com.uh.pat.AVLTree.insert(AVLTree.java:49)
	at com.uh.pat.AVLTree.insert(AVLTree.java:49)
	at com.uh.pat.AVLTree.insert(AVLTree.java:49)
	at com.uh.pat.AVLTree.insert(AVLTree.java:49)
	at com.uh.pat.AVLTree.insert(AVLTree.java:49)
	at com.uh.pat.AVLTree.insert(AVLTree.java:49)
	at com.uh.pat.AVLTree.insert(AVLTree.java:49)
	at com.uh.pat.AVLTree.insert(AVLTree.java:49)
	at com.uh.pat.AVLTree.insert(AVLTree.java:49)
	at com.uh.pat.AVLTree.insert(AVLTree.java:49)
	at com.uh.pat.AVLTree.insert(AVLTree.java:49)
	at com.uh.pat.AVLTree.insert(AVLTree.java:49)
	at com.uh.pat.AVLTree.insert(AVLTree.java:49)
	at com.uh.pat.AVLTree.insert(AVLTree.java:49)
	at com.uh.pat.AVLTree.insert(AVLTree.java:49)
	at com.uh.pat.AVLTree.insert(AVLTree.java:49)
	at com.uh.pat.AVLTree.insert(AVLTree.java:49)
	at com.uh.pat.AVLTree.insert(AVLTree.java:49)
	at com.uh.pat.AVLTree.insert(AVLTree.java:49)
	at com.uh.pat.AVLTree.insert(AVLTree.java:49)
	at com.uh.pat.AVLTree.insert(AVLTree.java:49)
	at com.uh.pat.AVLTree.insert(AVLTree.java:49)
	at com.uh.pat.AVLTree.insert(AVLTree.java:49)
	at com.uh.pat.AVLTree.insert(AVLTree.java:49)
	at com.uh.pat.AVLTree.insert(AVLTree.java:49)
	at com.uh.pat.AVLTree.insert(AVLTree.java:49)
	at com.uh.pat.AVLTree.insert(AVLTree.java:49)
	at com.uh.pat.AVLTree.insert(AVLTree.java:49)
	at com.uh.pat.AVLTree.insert(AVLTree.java:49)
	at com.uh.pat.AVLTree.insert(AVLTree.java:49)
	at com.uh.pat.AVLTree.insert(AVLTree.java:49)
	at com.uh.pat.AVLTree.insert(AVLTree.java:49)
	at com.uh.pat.AVLTree.insert(AVLTree.java:49)
	at com.uh.pat.AVLTree.insert(AVLTree.java:49)
	at com.uh.pat.AVLTree.insert(AVLTree.java:49)
	at com.uh.pat.AVLTree.insert(AVLTree.java:49)
	at com.uh.pat.AVLTree.insert(AVLTree.java:49)
	at com.uh.pat.AVLTree.insert(AVLTree.java:49)
	at com.uh.pat.AVLTree.insert(AVLTree.java:49)
	at com.uh.pat.AVLTree.insert(AVLTree.java:49)
	at com.uh.pat.AVLTree.insert(AVLTree.java:49)
	at com.uh.pat.AVLTree.insert(AVLTree.java:49)
	at com.uh.pat.AVLTree.insert(AVLTree.java:49)
	at com.uh.pat.AVLTree.insert(AVLTree.java:49)
	at com.uh.pat.AVLTree.insert(AVLTree.java:49)
	at com.uh.pat.AVLTree.insert(AVLTree.java:49)
	at com.uh.pat.AVLTree.insert(AVLTree.java:49)
	at com.uh.pat.AVLTree.insert(AVLTree.java:49)
	at com.uh.pat.AVLTree.insert(AVLTree.java:49)
	at com.uh.pat.AVLTree.insert(AVLTree.java:49)
	at com.uh.pat.AVLTree.insert(AVLTree.java:49)
	at com.uh.pat.AVLTree.insert(AVLTree.java:49)
	at com.uh.pat.AVLTree.insert(AVLTree.java:49)
	at com.uh.pat.AVLTree.insert(AVLTree.java:49)
	at com.uh.pat.AVLTree.insert(AVLTree.java:49)
	at com.uh.pat.AVLTree.insert(AVLTree.java:49)
	at com.uh.pat.AVLTree.insert(AVLTree.java:49)
	at com.uh.pat.AVLTree.insert(AVLTree.java:49)
	at com.uh.pat.AVLTree.insert(AVLTree.java:49)
	at com.uh.pat.AVLTree.insert(AVLTree.java:49)
	at com.uh.pat.AVLTree.insert(AVLTree.java:49)
	at com.uh.pat.AVLTree.insert(AVLTree.java:49)
	at com.uh.pat.AVLTree.insert(AVLTree.java:49)
	at com.uh.pat.AVLTree.insert(AVLTree.java:49)
	at com.uh.pat.AVLTree.insert(AVLTree.java:49)
	at com.uh.pat.AVLTree.insert(AVLTree.java:49)
	at com.uh.pat.AVLTree.insert(AVLTree.java:49)
	at com.uh.pat.AVLTree.insert(AVLTree.java:49)
	at com.uh.pat.AVLTree.insert(AVLTree.java:49)
	at com.uh.pat.AVLTree.insert(AVLTree.java:49)
	at com.uh.pat.AVLTree.insert(AVLTree.java:49)
	at com.uh.pat.AVLTree.insert(AVLTree.java:49)
	at com.uh.pat.AVLTree.insert(AVLTree.java:49)
	at com.uh.pat.AVLTree.insert(AVLTree.java:49)
	at com.uh.pat.AVLTree.insert(AVLTree.java:49)
	at com.uh.pat.AVLTree.insert(AVLTree.java:49)
	at com.uh.pat.AVLTree.insert(AVLTree.java:49)
	at com.uh.pat.AVLTree.insert(AVLTree.java:49)
	at com.uh.pat.AVLTree.insert(AVLTree.java:49)
	at com.uh.pat.AVLTree.insert(AVLTree.java:49)
	at com.uh.pat.AVLTree.insert(AVLTree.java:49)
	at com.uh.pat.AVLTree.insert(AVLTree.java:49)
	at com.uh.pat.AVLTree.insert(AVLTree.java:49)
	at com.uh.pat.AVLTree.insert(AVLTree.java:49)
	at com.uh.pat.AVLTree.insert(AVLTree.java:49)
	at com.uh.pat.AVLTree.insert(AVLTree.java:49)
	at com.uh.pat.AVLTree.insert(AVLTree.java:49)
	at com.uh.pat.AVLTree.insert(AVLTree.java:49)
	at com.uh.pat.AVLTree.insert(AVLTree.java:49)
	at com.uh.pat.AVLTree.insert(AVLTree.java:49)
	at com.uh.pat.AVLTree.insert(AVLTree.java:49)
	at com.uh.pat.AVLTree.insert(AVLTree.java:49)
	at com.uh.pat.AVLTree.insert(AVLTree.java:49)
	at com.uh.pat.AVLTree.insert(AVLTree.java:49)
	at com.uh.pat.AVLTree.insert(AVLTree.java:49)
	at com.uh.pat.AVLTree.insert(AVLTree.java:49)
	at com.uh.pat.AVLTree.insert(AVLTree.java:49)
	at com.uh.pat.AVLTree.insert(AVLTree.java:49)
	at com.uh.pat.AVLTree.insert(AVLTree.java:49)
	at com.uh.pat.AVLTree.insert(AVLTree.java:49)
	at com.uh.pat.AVLTree.insert(AVLTree.java:49)
	at com.uh.pat.AVLTree.insert(AVLTree.java:49)
	at com.uh.pat.AVLTree.insert(AVLTree.java:49)
	at com.uh.pat.AVLTree.insert(AVLTree.java:49)
	at com.uh.pat.AVLTree.insert(AVLTree.java:49)
	at com.uh.pat.AVLTree.insert(AVLTree.java:49)
	at com.uh.pat.AVLTree.insert(AVLTree.java:49)
	at com.uh.pat.AVLTree.insert(AVLTree.java:49)
	at com.uh.pat.AVLTree.insert(AVLTree.java:49)
	at com.uh.pat.AVLTree.insert(AVLTree.java:49)
	at com.uh.pat.AVLTree.insert(AVLTree.java:49)
	at com.uh.pat.AVLTree.insert(AVLTree.java:49)
	at com.uh.pat.AVLTree.insert(AVLTree.java:49)
	at com.uh.pat.AVLTree.insert(AVLTree.java:49)
[...]
	at com.uh.pat.AVLTree.delete(AVLTree.java:64)
	at com.uh.pat.AVLTree.delete(AVLTree.java:64)
	at com.uh.pat.AVLTree.delete(AVLTree.java:64)
	at com.uh.pat.AVLTree.delete(AVLTree.java:64)
	at com.uh.pat.AVLTree.delete(AVLTree.java:64)
	at com.uh.pat.AVLTree.delete(AVLTree.java:64)
	at com.uh.pat.AVLTree.delete(AVLTree.java:64)
	at com.uh.pat.AVLTree.delete(AVLTree.java:64)
	at com.uh.pat.AVLTree.delete(AVLTree.java:64)
	at com.uh.pat.AVLTree.delete(AVLTree.java:64)
	at com.uh.pat.AVLTree.delete(AVLTree.java:64)
	at com.uh.pat.AVLTree.delete(AVLTree.java:64)
	at com.uh.pat.AVLTree.delete(AVLTree.java:64)
	at com.uh.pat.AVLTree.delete(AVLTree.java:64)
	at com.uh.pat.AVLTree.delete(AVLTree.java:64)
	at com.uh.pat.AVLTree.delete(AVLTree.java:64)
	at com.uh.pat.AVLTree.delete(AVLTree.java:64)
	at com.uh.pat.AVLTree.delete(AVLTree.java:64)
	at com.uh.pat.AVLTree.delete(AVLTree.java:64)
	at com.uh.pat.AVLTree.delete(AVLTree.java:64)
	at com.uh.pat.AVLTree.delete(AVLTree.java:64)
	at com.uh.pat.AVLTree.delete(AVLTree.java:64)
	at com.uh.pat.AVLTree.delete(AVLTree.java:64)
	at com.uh.pat.AVLTree.delete(AVLTree.java:64)
	at com.uh.pat.AVLTree.delete(AVLTree.java:64)
	at com.uh.pat.AVLTree.delete(AVLTree.java:64)
	at com.uh.pat.AVLTree.delete(AVLTree.java:64)
	at com.uh.pat.AVLTree.delete(AVLTree.java:64)
	at com.uh.pat.AVLTree.delete(AVLTree.java:64)
	at com.uh.pat.AVLTree.delete(AVLTree.java:64)
	at com.uh.pat.AVLTree.delete(AVLTree.java:64)
	at com.uh.pat.AVLTree.delete(AVLTree.java:64)
	at com.uh.pat.AVLTree.delete(AVLTree.java:64)
	at com.uh.pat.AVLTree.delete(AVLTree.java:64)
	at com.uh.pat.AVLTree.delete(AVLTree.java:64)
	at com.uh.pat.AVLTree.delete(AVLTree.java:64)
	at com.uh.pat.AVLTree.delete(AVLTree.java:64)
	at com.uh.pat.AVLTree.delete(AVLTree.java:64)
	at com.uh.pat.AVLTree.delete(AVLTree.java:64)
	at com.uh.pat.AVLTree.delete(AVLTree.java:64)
	at com.uh.pat.AVLTree.delete(AVLTree.java:64)
	at com.uh.pat.AVLTree.delete(AVLTree.java:64)
	at com.uh.pat.AVLTree.delete(AVLTree.java:64)
	at com.uh.pat.AVLTree.delete(AVLTree.java:64)
	at com.uh.pat.AVLTree.delete(AVLTree.java:64)
	at com.uh.pat.AVLTree.delete(AVLTree.java:64)
	at com.uh.pat.AVLTree.delete(AVLTree.java:64)
	at com.uh.pat.AVLTree.delete(AVLTree.java:64)
	at com.uh.pat.AVLTree.delete(AVLTree.java:64)
	at com.uh.pat.AVLTree.delete(AVLTree.java:64)
	at com.uh.pat.AVLTree.delete(AVLTree.java:64)
	at com.uh.pat.AVLTree.delete(AVLTree.java:64)
	at com.uh.pat.AVLTree.delete(AVLTree.java:64)
	at com.uh.pat.AVLTree.delete(AVLTree.java:64)
	at com.uh.pat.AVLTree.delete(AVLTree.java:64)
	at com.uh.pat.AVLTree.delete(AVLTree.java:64)
	at com.uh.pat.AVLTree.delete(AVLTree.java:64)
	at com.uh.pat.AVLTree.delete(AVLTree.java:64)
	at com.uh.pat.AVLTree.delete(AVLTree.java:64)
	at com.uh.pat.AVLTree.delete(AVLTree.java:64)
	at com.uh.pat.AVLTree.delete(AVLTree.java:64)
	at com.uh.pat.AVLTree.delete(AVLTree.java:64)
	at com.uh.pat.AVLTree.delete(AVLTree.java:64)
	at com.uh.pat.AVLTree.delete(AVLTree.java:64)
	at com.uh.pat.AVLTree.delete(AVLTree.java:64)
	at com.uh.pat.AVLTree.delete(AVLTree.java:64)
	at com.uh.pat.AVLTree.delete(AVLTree.java:64)
	at com.uh.pat.AVLTree.delete(AVLTree.java:64)
	at com.uh.pat.AVLTree.delete(AVLTree.java:64)
	at com.uh.pat.AVLTree.delete(AVLTree.java:64)
	at com.uh.pat.AVLTree.delete(AVLTree.java:64)
	at com.uh.pat.AVLTree.delete(AVLTree.java:64)
	at com.uh.pat.AVLTree.delete(AVLTree.java:64)
	at com.uh.pat.AVLTree.delete(AVLTree.java:64)
	at com.uh.pat.AVLTree.delete(AVLTree.java:64)
	at com.uh.pat.AVLTree.delete(AVLTree.java:64)
	at com.uh.pat.AVLTree.delete(AVLTree.java:64)
	at com.uh.pat.AVLTree.delete(AVLTree.java:64)
	at com.uh.pat.AVLTree.delete(AVLTree.java:64)
	at com.uh.pat.AVLTree.delete(AVLTree.java:64)
	at com.uh.pat.AVLTree.delete(AVLTree.java:64)
	at com.uh.pat.AVLTree.delete(AVLTree.java:64)
	at com.uh.pat.AVLTree.delete(AVLTree.java:64)
	at com.uh.pat.AVLTree.delete(AVLTree.java:64)
	at com.uh.pat.AVLTree.delete(AVLTree.java:64)
	at com.uh.pat.AVLTree.delete(AVLTree.java:64)
	at com.uh.pat.AVLTree.delete(AVLTree.java:64)
	at com.uh.pat.AVLTree.delete(AVLTree.java:64)
	at com.uh.pat.AVLTree.delete(AVLTree.java:64)
	at com.uh.pat.AVLTree.delete(AVLTree.java:64)
	at com.uh.pat.AVLTree.delete(AVLTree.java:64)
	at com.uh.pat.AVLTree.delete(AVLTree.java:64)
	at com.uh.pat.AVLTree.delete(AVLTree.java:64)
	at com.uh.pat.AVLTree.delete(AVLTree.java:64)
	at com.uh.pat.AVLTree.delete(AVLTree.java:64)
	at com.uh.pat.AVLTree.delete(AVLTree.java:64)
	at com.uh.pat.AVLTree.delete(AVLTree.java:64)
	at com.uh.pat.AVLTree.delete(AVLTree.java:64)
	at com.uh.pat.AVLTree.delete(AVLTree.java:64)
	at com.uh.pat.AVLTree.delete(AVLTree.java:64)
	at com.uh.pat.AVLTree.delete(AVLTree.java:64)
	at com.uh.pat.AVLTree.delete(AVLTree.java:64)
	at com.uh.pat.AVLTree.delete(AVLTree.java:64)
	at com.uh.pat.AVLTree.delete(AVLTree.java:64)
	at com.uh.pat.AVLTree.delete(AVLTree.java:64)
	at com.uh.pat.AVLTree.delete(AVLTree.java:64)
	at com.uh.pat.AVLTree.delete(AVLTree.java:64)
	at com.uh.pat.AVLTree.delete(AVLTree.java:64)
	at com.uh.pat.AVLTree.delete(AVLTree.java:64)
	at com.uh.pat.AVLTree.delete(AVLTree.java:64)
	at com.uh.pat.AVLTree.delete(AVLTree.java:64)
	at com.uh.pat.AVLTree.delete(AVLTree.java:64)
	at com.uh.pat.AVLTree.delete(AVLTree.java:64)
	at com.uh.pat.AVLTree.delete(AVLTree.java:64)
	at com.uh.pat.AVLTree.delete(AVLTree.java:64)
	at com.uh.pat.AVLTree.delete(AVLTree.java:64)
	at com.uh.pat.AVLTree.delete(AVLTree.java:64)
	at com.uh.pat.AVLTree.delete(AVLTree.java:64)
	at com.uh.pat.AVLTree.delete(AVLTree.java:64)
	at com.uh.pat.AVLTree.delete(AVLTree.java:64)
	at com.uh.pat.AVLTree.delete(AVLTree.java:64)
	at com.uh.pat.AVLTree.delete(AVLTree.java:64)
	at com.uh.pat.AVLTree.delete(AVLTree.java:64)
	at com.uh.pat.AVLTree.delete(AVLTree.java:64)
	at com.uh.pat.AVLTree.delete(AVLTree.java:64)
	at com.uh.pat.AVLTree.delete(AVLTree.java:64)
	at com.uh.pat.AVLTree.delete(AVLTree.java:64)
	at com.uh.pat.AVLTree.delete(AVLTree.java:64)
	at com.uh.pat.AVLTree.delete(AVLTree.java:64)
	at com.uh.pat.AVLTree.delete(AVLTree.java:64)
	at com.uh.pat.AVLTree.delete(AVLTree.java:64)
	at com.uh.pat.AVLTree.delete(AVLTree.java:64)
	at com.uh.pat.AVLTree.delete(AVLTree.java:64)
	at com.uh.pat.AVLTree.delete(AVLTree.java:64)
	at com.uh.pat.AVLTree.delete(AVLTree.java:64)
	at com.uh.pat.AVLTree.delete(AVLTree.java:64)
	at com.uh.pat.AVLTree.delete(AVLTree.java:64)
	at com.uh.pat.AVLTree.delete(AVLTree.java:64)
	at com.uh.pat.AVLTree.delete(AVLTree.java:64)
	at com.uh.pat.AVLTree.delete(AVLTree.java:64)
	at com.uh.pat.AVLTree.delete(AVLTree.java:64)
	at com.uh.pat.AVLTree.delete(AVLTree.java:64)
	at com.uh.pat.AVLTree.delete(AVLTree.java:64)
	at com.uh.pat.AVLTree.delete(AVLTree.java:64)
	at com.uh.pat.AVLTree.delete(AVLTree.java:64)
	at com.uh.pat.AVLTree.delete(AVLTree.java:64)
	at com.uh.pat.AVLTree.delete(AVLTree.java:64)
	at com.uh.pat.AVLTree.delete(AVLTree.java:64)
	at com.uh.pat.AVLTree.delete(AVLTree.java:64)
	at com.uh.pat.AVLTree.delete(AVLTree.java:64)
	at com.uh.pat.AVLTree.delete(AVLTree.java:64)
	at com.uh.pat.AVLTree.delete(AVLTree.java:64)
	at com.uh.pat.AVLTree.delete(AVLTree.java:64)
	at com.uh.pat.AVLTree.delete(AVLTree.java:64)
	at com.uh.pat.AVLTree.delete(AVLTree.java:64)
	at com.uh.pat.AVLTree.delete(AVLTree.java:64)
	at com.uh.pat.AVLTree.delete(AVLTree.java:64)
	at com.uh.pat.AVLTree.delete(AVLTree.java:64)
	at com.uh.pat.AVLTree.delete(AVLTree.java:64)
	at com.uh.pat.AVLTree.delete(AVLTree.java:64)
	at com.uh.pat.AVLTree.delete(AVLTree.java:64)
	at com.uh.pat.AVLTree.delete(AVLTree.java:64)
	at com.uh.pat.AVLTree.delete(AVLTree.java:64)
	at com.uh.pat.AVLTree.delete(AVLTree.java:64)
	at com.uh.pat.AVLTree.delete(AVLTree.java:64)
	at com.uh.pat.AVLTree.delete(AVLTree.java:64)
	at com.uh.pat.AVLTree.delete(AVLTree.java:64)
	at com.uh.pat.AVLTree.delete(AVLTree.java:64)
	at com.uh.pat.AVLTree.delete(AVLTree.java:64)
	at com.uh.pat.AVLTree.delete(AVLTree.java:64)
	at com.uh.pat.AVLTree.delete(AVLTree.java:64)
	at com.uh.pat.AVLTree.delete(AVLTree.java:64)
	at com.uh.pat.AVLTree.delete(AVLTree.java:64)
	at com.uh.pat.AVLTree.delete(AVLTree.java:64)
	at com.uh.pat.AVLTree.delete(AVLTree.java:64)
	at com.uh.pat.AVLTree.delete(AVLTree.java:64)
	at com.uh.pat.AVLTree.delete(AVLTree.java:64)
	at com.uh.pat.AVLTree.delete(AVLTree.java:64)
	at com.uh.pat.AVLTree.delete(AVLTree.java:64)
	at com.uh.pat.AVLTree.delete(AVLTree.java:64)
	at com.uh.pat.AVLTree.delete(AVLTree.java:64)
	at com.uh.pat.AVLTree.delete(AVLTree.java:64)
	at com.uh.pat.AVLTree.delete(AVLTree.java:64)
	at com.uh.pat.AVLTree.delete(AVLTree.java:64)
	at com.uh.pat.AVLTree.delete(AVLTree.java:64)
	at com.uh.pat.AVLTree.delete(AVLTree.java:64)
	at com.uh.pat.AVLTree.delete(AVLTree.java:64)
	at com.uh.pat.AVLTree.delete(AVLTree.java:64)
	at com.uh.pat.AVLTree.delete(AVLTree.java:64)
	at com.uh.pat.AVLTree.delete(AVLTree.java:64)
	at com.uh.pat.AVLTree.delete(AVLTree.java:64)
	at com.uh.pat.AVLTree.delete(AVLTree.java:64)
	at com.uh.pat.AVLTree.delete(AVLTree.java:64)
	at com.uh.pat.AVLTree.delete(AVLTree.java:64)
	at com.uh.pat.AVLTree.delete(AVLTree.java:64)
	at com.uh.pat.AVLTree.delete(AVLTree.java:64)
	at com.uh.pat.AVLTree.delete(AVLTree.java:64)
	at com.uh.pat.AVLTree.delete(AVLTree.java:64)
	at com.uh.pat.AVLTree.delete(AVLTree.java:64)
	at com.uh.pat.AVLTree.delete(AVLTree.java:64)
	at com.uh.pat.AVLTree.delete(AVLTree.java:64)
	at com.uh.pat.AVLTree.delete(AVLTree.java:64)
	at com.uh.pat.AVLTree.delete(AVLTree.java:64)
	at com.uh.pat.AVLTree.delete(AVLTree.java:64)
	at com.uh.pat.AVLTree.delete(AVLTree.java:64)
	at com.uh.pat.AVLTree.delete(AVLTree.java:64)
	at com.uh.pat.AVLTree.delete(AVLTree.java:64)
	at com.uh.pat.AVLTree.delete(AVLTree.java:64)
	at com.uh.pat.AVLTree.delete(AVLTree.java:64)
	at com.uh.pat.AVLTree.delete(AVLTree.java:64)
	at com.uh.pat.AVLTree.delete(AVLTree.java:64)
	at com.uh.pat.AVLTree.delete(AVLTree.java:64)
	at com.uh.pat.AVLTree.delete(AVLTree.java:64)
	at com.uh.pat.AVLTree.delete(AVLTree.java:64)
	at com.uh.pat.AVLTree.delete(AVLTree.java:64)
	at com.uh.pat.AVLTree.delete(AVLTree.java:64)
	at com.uh.pat.AVLTree.delete(AVLTree.java:64)
	at com.uh.pat.AVLTree.delete(AVLTree.java:64)
	at com.uh.pat.AVLTree.delete(AVLTree.java:64)
	at com.uh.pat.AVLTree.delete(AVLTree.java:64)
	at com.uh.pat.AVLTree.delete(AVLTree.java:64)
	at com.uh.pat.AVLTree.delete(AVLTree.java:64)
	at com.uh.pat.AVLTree.delete(AVLTree.java:64)
	at com.uh.pat.AVLTree.delete(AVLTree.java:64)
	at com.uh.pat.AVLTree.delete(AVLTree.java:64)
	at com.uh.pat.AVLTree.delete(AVLTree.java:64)
	at com.uh.pat.AVLTree.delete(AVLTree.java:64)
	at com.uh.pat.AVLTree.delete(AVLTree.java:64)
	at com.uh.pat.AVLTree.delete(AVLTree.java:64)
	at com.uh.pat.AVLTree.delete(AVLTree.java:64)
	at com.uh.pat.AVLTree.delete(AVLTree.java:64)
	at com.uh.pat.AVLTree.delete(AVLTree.java:64)
	at com.uh.pat.AVLTree.delete(AVLTree.java:64)
	at com.uh.pat.AVLTree.delete(AVLTree.java:64)
	at com.uh.pat.AVLTree.delete(AVLTree.java:64)
	at com.uh.pat.AVLTree.delete(AVLTree.java:64)
	at com.uh.pat.AVLTree.delete(AVLTree.java:64)
	at com.uh.pat.AVLTree.delete(AVLTree.java:64)
	at com.uh.pat.AVLTree.delete(AVLTree.java:64)
	at com.uh.pat.AVLTree.delete(AVLTree.java:64)
	at com.uh.pat.AVLTree.delete(AVLTree.java:64)
	at com.uh.pat.AVLTree.delete(AVLTree.java:64)
	at com.uh.pat.AVLTree.delete(AVLTree.java:64)
	at com.uh.pat.AVLTree.delete(AVLTree.java:64)
	at com.uh.pat.AVLTree.delete(AVLTree.java:64)
	at com.uh.pat.AVLTree.delete(AVLTree.java:64)
	at com.uh.pat.AVLTree.delete(AVLTree.java:64)
	at com.uh.pat.AVLTree.delete(AVLTree.java:64)
	at com.uh.pat.AVLTree.delete(AVLTree.java:64)
	at com.uh.pat.AVLTree.delete(AVLTree.java:64)
	at com.uh.pat.AVLTree.delete(AVLTree.java:64)
	at com.uh.pat.AVLTree.delete(AVLTree.java:64)
	at com.uh.pat.AVLTree.delete(AVLTree.java:64)
	at com.uh.pat.AVLTree.delete(AVLTree.java:64)
	at com.uh.pat.AVLTree.delete(AVLTree.java:64)
	at com.uh.pat.AVLTree.delete(AVLTree.java:64)
	at com.uh.pat.AVLTree.delete(AVLTree.java:64)
	at com.uh.pat.AVLTree.delete(AVLTree.java:64)
	at com.uh.pat.AVLTree.delete(AVLTree.java:64)
	at com.uh.pat.AVLTree.delete(AVLTree.java:64)
	at com.uh.pat.AVLTree.delete(AVLTree.java:64)
	at com.uh.pat.AVLTree.delete(AVLTree.java:64)
	at com.uh.pat.AVLTree.delete(AVLTree.java:64)
	at com.uh.pat.AVLTree.delete(AVLTree.java:64)
	at com.uh.pat.AVLTree.delete(AVLTree.java:64)
	at com.uh.pat.AVLTree.delete(AVLTree.java:64)
	at com.uh.pat.AVLTree.delete(AVLTree.java:64)
	at com.uh.pat.AVLTree.delete(AVLTree.java:64)
	at com.uh.pat.AVLTree.delete(AVLTree.java:64)
	at com.uh.pat.AVLTree.delete(AVLTree.java:64)
	at com.uh.pat.AVLTree.delete(AVLTree.java:64)
	at com.uh.pat.AVLTree.delete(AVLTree.java:64)
	at com.uh.pat.AVLTree.delete(AVLTree.java:64)
	at com.uh.pat.AVLTree.delete(AVLTree.java:64)
	at com.uh.pat.AVLTree.delete(AVLTree.java:64)
	at com.uh.pat.AVLTree.delete(AVLTree.java:64)
	at com.uh.pat.AVLTree.delete(AVLTree.java:64)
	at com.uh.pat.AVLTree.delete(AVLTree.java:64)
	at com.uh.pat.AVLTree.delete(AVLTree.java:64)
	at com.uh.pat.AVLTree.delete(AVLTree.java:64)
	at com.uh.pat.AVLTree.delete(AVLTree.java:64)
	at com.uh.pat.AVLTree.delete(AVLTree.java:64)
	at com.uh.pat.AVLTree.delete(AVLTree.java:64)
	at com.uh.pat.AVLTree.delete(AVLTree.java:64)
	at com.uh.pat.AVLTree.delete(AVLTree.java:64)
	at com.uh.pat.AVLTree.delete(AVLTree.java:64)
	at com.uh.pat.AVLTree.delete(AVLTree.java:64)
	at com.uh.pat.AVLTree.delete(AVLTree.java:64)
	at com.uh.pat.AVLTree.delete(AVLTree.java:64)
	at com.uh.pat.AVLTree.delete(AVLTree.java:64)
	at com.uh.pat.AVLTree.delete(AVLTree.java:64)
	at com.uh.pat.AVLTree.delete(AVLTree.java:64)
	at com.uh.pat.AVLTree.delete(AVLTree.java:64)
	at com.uh.pat.AVLTree.delete(AVLTree.java:64)
	at com.uh.pat.AVLTree.delete(AVLTree.java:64)
	at com.uh.pat.AVLTree.delete(AVLTree.java:64)
	at com.uh.pat.AVLTree.delete(AVLTree.java:64)
	at com.uh.pat.AVLTree.delete(AVLTree.java:64)
	at com.uh.pat.AVLTree.delete(AVLTree.java:64)
	at com.uh.pat.AVLTree.delete(AVLTree.java:64)
	at com.uh.pat.AVLTree.delete(AVLTree.java:64)
	at com.uh.pat.AVLTree.delete(AVLTree.java:64)
	at com.uh.pat.AVLTree.delete(AVLTree.java:64)
	at com.uh.pat.AVLTree.delete(AVLTree.java:64)
	at com.uh.pat.AVLTree.delete(AVLTree.java:64)
	at com.uh.pat.AVLTree.delete(AVLTree.java:64)
	at com.uh.pat.AVLTree.delete(AVLTree.java:64)
	at com.uh.pat.AVLTree.delete(AVLTree.java:64)
	at com.uh.pat.AVLTree.delete(AVLTree.java:64)
	at com.uh.pat.AVLTree.delete(AVLTree.java:64)
	at com.uh.pat.AVLTree.delete(AVLTree.java:64)
	at com.uh.pat.AVLTree.delete(AVLTree.java:64)
	at com.uh.pat.AVLTree.delete(AVLTree.java:64)
	at com.uh.pat.AVLTree.delete(AVLTree.java:64)
	at com.uh.pat.AVLTree.delete(AVLTree.java:64)
	at com.uh.pat.AVLTree.delete(AVLTree.java:64)
	at com.uh.pat.AVLTree.delete(AVLTree.java:64)
	at com.uh.pat.AVLTree.delete(AVLTree.java:64)
	at com.uh.pat.AVLTree.delete(AVLTree.java:64)
	at com.uh.pat.AVLTree.delete(AVLTree.java:64)
	at com.uh.pat.AVLTree.delete(AVLTree.java:64)
	at com.uh.pat.AVLTree.delete(AVLTree.java:64)
	at com.uh.pat.AVLTree.delete(AVLTree.java:64)
	at com.uh.pat.AVLTree.delete(AVLTree.java:64)
	at com.uh.pat.AVLTree.delete(AVLTree.java:64)
	at com.uh.pat.AVLTree.delete(AVLTree.java:64)
	at com.uh.pat.AVLTree.delete(AVLTree.java:64)
	at com.uh.pat.AVLTree.delete(AVLTree.java:64)
	at com.uh.pat.AVLTree.delete(AVLTree.java:64)
	at com.uh.pat.AVLTree.delete(AVLTree.java:64)
	at com.uh.pat.AVLTree.delete(AVLTree.java:64)
	at com.uh.pat.AVLTree.delete(AVLTree.java:64)
	at com.uh.pat.AVLTree.delete(AVLTree.java:64)
	at com.uh.pat.AVLTree.delete(AVLTree.java:64)
	at com.uh.pat.AVLTree.delete(AVLTree.java:64)
	at com.uh.pat.AVLTree.delete(AVLTree.java:64)
	at com.uh.pat.AVLTree.delete(AVLTree.java:64)
	at com.uh.pat.AVLTree.delete(AVLTree.java:64)
	at com.uh.pat.AVLTree.delete(AVLTree.java:64)
	at com.uh.pat.AVLTree.delete(AVLTree.java:64)
	at com.uh.pat.AVLTree.delete(AVLTree.java:64)
	at com.uh.pat.AVLTree.delete(AVLTree.java:64)
	at com.uh.pat.AVLTree.delete(AVLTree.java:64)
	at com.uh.pat.AVLTree.delete(AVLTree.java:64)
	at com.uh.pat.AVLTree.delete(AVLTree.java:64)
	at com.uh.pat.AVLTree.delete(AVLTree.java:64)
	at com.uh.pat.AVLTree.delete(AVLTree.java:64)
	at com.uh.pat.AVLTree.delete(AVLTree.java:64)
	at com.uh.pat.AVLTree.delete(AVLTree.java:64)
	at com.uh.pat.AVLTree.delete(AVLTree.java:64)
	at com.uh.pat.AVLTree.delete(AVLTree.java:64)
	at com.uh.pat.AVLTree.delete(AVLTree.java:64)
	at com.uh.pat.AVLTree.delete(AVLTree.java:64)
	at com.uh.pat.AVLTree.delete(AVLTree.java:64)
	at com.uh.pat.AVLTree.delete(AVLTree.java:64)
	at com.uh.pat.AVLTree.delete(AVLTree.java:64)
	at com.uh.pat.AVLTree.delete(AVLTree.java:64)
	at com.uh.pat.AVLTree.delete(AVLTree.java:64)
	at com.uh.pat.AVLTree.delete(AVLTree.java:64)
	at com.uh.pat.AVLTree.delete(AVLTree.java:64)
	at com.uh.pat.AVLTree.delete(AVLTree.java:64)
	at com.uh.pat.AVLTree.delete(AVLTree.java:64)
	at com.uh.pat.AVLTree.delete(AVLTree.java:64)
	at com.uh.pat.AVLTree.delete(AVLTree.java:64)
	at com.uh.pat.AVLTree.delete(AVLTree.java:64)
	at com.uh.pat.AVLTree.delete(AVLTree.java:64)
	at com.uh.pat.AVLTree.delete(AVLTree.java:64)
	at com.uh.pat.AVLTree.delete(AVLTree.java:64)
	at com.uh.pat.AVLTree.delete(AVLTree.java:64)
	at com.uh.pat.AVLTree.delete(AVLTree.java:64)
	at com.uh.pat.AVLTree.delete(AVLTree.java:64)
	at com.uh.pat.AVLTree.delete(AVLTree.java:64)
	at com.uh.pat.AVLTree.delete(AVLTree.java:64)
	at com.uh.pat.AVLTree.delete(AVLTree.java:64)
	at com.uh.pat.AVLTree.delete(AVLTree.java:64)
	at com.uh.pat.AVLTree.delete(AVLTree.java:64)
	at com.uh.pat.AVLTree.delete(AVLTree.java:64)
	at com.uh.pat.AVLTree.delete(AVLTree.java:64)
	at com.uh.pat.AVLTree.delete(AVLTree.java:64)
	at com.uh.pat.AVLTree.delete(AVLTree.java:64)
	at com.uh.pat.AVLTree.delete(AVLTree.java:64)
	at com.uh.pat.AVLTree.delete(AVLTree.java:64)
	at com.uh.pat.AVLTree.delete(AVLTree.java:64)
	at com.uh.pat.AVLTree.delete(AVLTree.java:64)
	at com.uh.pat.AVLTree.delete(AVLTree.java:64)
	at com.uh.pat.AVLTree.delete(AVLTree.java:64)
	at com.uh.pat.AVLTree.delete(AVLTree.java:64)
	at com.uh.pat.AVLTree.delete(AVLTree.java:64)
	at com.uh.pat.AVLTree.delete(AVLTree.java:64)
	at com.uh.pat.AVLTree.delete(AVLTree.java:64)
	at com.uh.pat.AVLTree.delete(AVLTree.java:64)
	at com.uh.pat.AVLTree.delete(AVLTree.java:64)
	at com.uh.pat.AVLTree.delete(AVLTree.java:64)
	at com.uh.pat.AVLTree.delete(AVLTree.java:64)
	at com.uh.pat.AVLTree.delete(AVLTree.java:64)
	at com.uh.pat.AVLTree.delete(AVLTree.java:64)
	at com.uh.pat.AVLTree.delete(AVLTree.java:64)
	at com.uh.pat.AVLTree.delete(AVLTree.java:64)
	at com.uh.pat.AVLTree.delete(AVLTree.java:64)
	at com.uh.pat.AVLTree.delete(AVLTree.java:64)
	at com.uh.pat.AVLTree.delete(AVLTree.java:64)
	at com.uh.pat.AVLTree.delete(AVLTree.java:64)
	at com.uh.pat.AVLTree.delete(AVLTree.java:64)
	at com.uh.pat.AVLTree.delete(AVLTree.java:64)
	at com.uh.pat.AVLTree.delete(AVLTree.java:64)
	at com.uh.pat.AVLTree.delete(AVLTree.java:64)
	at com.uh.pat.AVLTree.delete(AVLTree.java:64)
	at com.uh.pat.AVLTree.delete(AVLTree.java:64)
	at com.uh.pat.AVLTree.delete(AVLTree.java:64)
	at com.uh.pat.AVLTree.delete(AVLTree.java:64)
	at com.uh.pat.AVLTree.delete(AVLTree.java:64)
	at com.uh.pat.AVLTree.delete(AVLTree.java:64)
	at com.uh.pat.AVLTree.delete(AVLTree.java:64)
	at com.uh.pat.AVLTree.delete(AVLTree.java:64)
	at com.uh.pat.AVLTree.delete(AVLTree.java:64)
	at com.uh.pat.AVLTree.delete(AVLTree.java:64)
	at com.uh.pat.AVLTree.delete(AVLTree.java:64)
	at com.uh.pat.AVLTree.delete(AVLTree.java:64)
	at com.uh.pat.AVLTree.delete(AVLTree.java:64)
	at com.uh.pat.AVLTree.delete(AVLTree.java:64)
	at com.uh.pat.AVLTree.delete(AVLTree.java:64)
	at com.uh.pat.AVLTree.delete(AVLTree.java:64)
	at com.uh.pat.AVLTree.delete(AVLTree.java:64)
	at com.uh.pat.AVLTree.delete(AVLTree.java:64)
	at com.uh.pat.AVLTree.delete(AVLTree.java:64)

